#
# There is insufficient memory for the Java Runtime Environment to continue.
# Native memory allocation (malloc) failed to allocate 1309936 bytes for Chunk::new
# Possible reasons:
#   The system is out of physical RAM or swap space
#   The process is running with CompressedOops enabled, and the Java Heap may be blocking the growth of the native heap
# Possible solutions:
#   Reduce memory load on the system
#   Increase physical memory or swap space
#   Check if swap backing store is full
#   Decrease Java heap size (-Xmx/-Xms)
#   Decrease number of Java threads
#   Decrease Java thread stack sizes (-Xss)
#   Set larger code cache with -XX:ReservedCodeCacheSize=
#   JVM is running with Unscaled Compressed Oops mode in which the Java heap is
#     placed in the first 4GB address space. The Java Heap base address is the
#     maximum limit for the native heap growth. Please use -XX:HeapBaseMinAddress
#     to set the Java Heap base and to place the Java Heap above 4GB virtual address.
# This output file may be truncated or incomplete.
#
#  Out of Memory Error (./src/hotspot/share/memory/arena.cpp:197), pid=12588, tid=6820
#
# JRE version: OpenJDK Runtime Environment (11.0.12+7) (build 11.0.12+7-b1504.28-7817840)
# Java VM: OpenJDK 64-Bit Server VM (11.0.12+7-b1504.28-7817840, mixed mode, tiered, compressed oops, g1 gc, windows-amd64)
# No core dump will be written. Minidumps are not enabled by default on client versions of Windows
#

---------------  S U M M A R Y ------------

Command Line: --add-opens=java.base/java.util=ALL-UNNAMED --add-opens=java.base/java.lang=ALL-UNNAMED --add-opens=java.base/java.lang.invoke=ALL-UNNAMED --add-opens=java.base/java.util=ALL-UNNAMED --add-opens=java.prefs/java.util.prefs=ALL-UNNAMED --add-opens=java.prefs/java.util.prefs=ALL-UNNAMED --add-opens=java.base/java.nio.charset=ALL-UNNAMED --add-opens=java.base/java.net=ALL-UNNAMED --add-opens=java.base/java.util.concurrent.atomic=ALL-UNNAMED -Xmx2048m -Dfile.encoding=UTF-8 -Duser.country=US -Duser.language=en -Duser.variant org.gradle.launcher.daemon.bootstrap.GradleDaemon 7.3.3

Host: AMD Ryzen 5 1600 Six-Core Processor            , 12 cores, 7G,  Windows 10 , 64 bit Build 19041 (10.0.19041.3636)
Time: Fri May 17 09:02:29 2024 SE Asia Standard Time elapsed time: 2.205618 seconds (0d 0h 0m 2s)

---------------  T H R E A D  ---------------

Current thread (0x0000021a1fa6d800):  JavaThread "C2 CompilerThread0" daemon [_thread_in_native, id=6820, stack(0x0000002aee600000,0x0000002aee700000)]


Current CompileTask:
C2:   2205 1897   !   4       java.lang.ClassLoader::loadClass (122 bytes)

Stack: [0x0000002aee600000,0x0000002aee700000]
Native frames: (J=compiled Java code, j=interpreted, Vv=VM code, C=native code)
V  [jvm.dll+0x5fbcea]
V  [jvm.dll+0x731905]
V  [jvm.dll+0x732f1d]
V  [jvm.dll+0x7335d3]
V  [jvm.dll+0x247bf8]
V  [jvm.dll+0xc018c]
V  [jvm.dll+0xc06cc]
V  [jvm.dll+0x35b2db]
V  [jvm.dll+0x328803]
V  [jvm.dll+0x327cfa]
V  [jvm.dll+0x200602]
V  [jvm.dll+0x1ff794]
V  [jvm.dll+0x18868c]
V  [jvm.dll+0x20e0d7]
V  [jvm.dll+0x20c901]
V  [jvm.dll+0x6f9b7f]
V  [jvm.dll+0x6f26a5]
V  [jvm.dll+0x5fabf6]
C  [ucrtbase.dll+0x21bb2]
C  [KERNEL32.DLL+0x17344]
C  [ntdll.dll+0x526b1]


---------------  P R O C E S S  ---------------

Threads class SMR info:
_java_thread_list=0x0000021a2072f8e0, length=24, elements={
0x0000021a048f9800, 0x0000021a1f1ee800, 0x0000021a1f1f2000, 0x0000021a1fa67800,
0x0000021a1fa68000, 0x0000021a1fa6a800, 0x0000021a1fa6d800, 0x0000021a1fa6e800,
0x0000021a1fa77800, 0x0000021a1fbcc000, 0x0000021a21677000, 0x0000021a2088d000,
0x0000021a21a4f800, 0x0000021a21bfb000, 0x0000021a21349800, 0x0000021a215db800,
0x0000021a219aa800, 0x0000021a1fc5f000, 0x0000021a1fc60800, 0x0000021a1fc5b000,
0x0000021a219ab800, 0x0000021a1fc5e800, 0x0000021a1fc5c000, 0x0000021a1fc5c800
}

Java Threads: ( => current thread )
  0x0000021a048f9800 JavaThread "main" [_thread_blocked, id=4172, stack(0x0000002aeda00000,0x0000002aedb00000)]
  0x0000021a1f1ee800 JavaThread "Reference Handler" daemon [_thread_blocked, id=10764, stack(0x0000002aee100000,0x0000002aee200000)]
  0x0000021a1f1f2000 JavaThread "Finalizer" daemon [_thread_blocked, id=13180, stack(0x0000002aee200000,0x0000002aee300000)]
  0x0000021a1fa67800 JavaThread "Signal Dispatcher" daemon [_thread_blocked, id=13248, stack(0x0000002aee300000,0x0000002aee400000)]
  0x0000021a1fa68000 JavaThread "Attach Listener" daemon [_thread_blocked, id=12200, stack(0x0000002aee400000,0x0000002aee500000)]
  0x0000021a1fa6a800 JavaThread "Service Thread" daemon [_thread_blocked, id=4560, stack(0x0000002aee500000,0x0000002aee600000)]
=>0x0000021a1fa6d800 JavaThread "C2 CompilerThread0" daemon [_thread_in_native, id=6820, stack(0x0000002aee600000,0x0000002aee700000)]
  0x0000021a1fa6e800 JavaThread "C1 CompilerThread0" daemon [_thread_blocked, id=7392, stack(0x0000002aee700000,0x0000002aee800000)]
  0x0000021a1fa77800 JavaThread "Sweeper thread" daemon [_thread_blocked, id=4416, stack(0x0000002aee800000,0x0000002aee900000)]
  0x0000021a1fbcc000 JavaThread "Common-Cleaner" daemon [_thread_blocked, id=6300, stack(0x0000002aee900000,0x0000002aeea00000)]
  0x0000021a21677000 JavaThread "Daemon health stats" [_thread_blocked, id=12964, stack(0x0000002aeef00000,0x0000002aef000000)]
  0x0000021a2088d000 JavaThread "Incoming local TCP Connector on port 51644" [_thread_in_native, id=12772, stack(0x0000002aeeb00000,0x0000002aeec00000)]
  0x0000021a21a4f800 JavaThread "Daemon periodic checks" [_thread_blocked, id=12336, stack(0x0000002aeee00000,0x0000002aeef00000)]
  0x0000021a21bfb000 JavaThread "Daemon" [_thread_blocked, id=12960, stack(0x0000002aef000000,0x0000002aef100000)]
  0x0000021a21349800 JavaThread "Handler for socket connection from /127.0.0.1:51644 to /127.0.0.1:51645" [_thread_in_native, id=12844, stack(0x0000002aef100000,0x0000002aef200000)]
  0x0000021a215db800 JavaThread "Cancel handler" [_thread_blocked, id=12604, stack(0x0000002aef200000,0x0000002aef300000)]
  0x0000021a219aa800 JavaThread "Daemon worker" [_thread_in_vm, id=13216, stack(0x0000002aef300000,0x0000002aef400000)]
  0x0000021a1fc5f000 JavaThread "Asynchronous log dispatcher for DefaultDaemonConnection: socket connection from /127.0.0.1:51644 to /127.0.0.1:51645" [_thread_blocked, id=5316, stack(0x0000002aef400000,0x0000002aef500000)]
  0x0000021a1fc60800 JavaThread "Stdin handler" [_thread_blocked, id=6760, stack(0x0000002aef500000,0x0000002aef600000)]
  0x0000021a1fc5b000 JavaThread "Daemon client event forwarder" [_thread_blocked, id=8528, stack(0x0000002aef600000,0x0000002aef700000)]
  0x0000021a219ab800 JavaThread "C2 CompilerThread1" daemon [_thread_in_native, id=10472, stack(0x0000002aef700000,0x0000002aef800000)]
  0x0000021a1fc5e800 JavaThread "Cache worker for journal cache (C:\Users\NanoNoa\.gradle\caches\journal-1)" [_thread_blocked, id=5580, stack(0x0000002aeff00000,0x0000002af0000000)]
  0x0000021a1fc5c000 JavaThread "File lock request listener" [_thread_in_native, id=12692, stack(0x0000002af0000000,0x0000002af0100000)]
  0x0000021a1fc5c800 JavaThread "Cache worker for file hash cache (C:\Users\NanoNoa\.gradle\caches\7.3.3\fileHashes)" [_thread_blocked, id=12576, stack(0x0000002af0100000,0x0000002af0200000)]

Other Threads:
  0x0000021a1f1da800 VMThread "VM Thread" [stack: 0x0000002aee000000,0x0000002aee100000] [id=4868]
  0x0000021a1fbe1000 WatcherThread [stack: 0x0000002aeea00000,0x0000002aeeb00000] [id=12892]
  0x0000021a04913800 GCTaskThread "GC Thread#0" [stack: 0x0000002aedb00000,0x0000002aedc00000] [id=616]
  0x0000021a20616800 GCTaskThread "GC Thread#1" [stack: 0x0000002aeec00000,0x0000002aeed00000] [id=13104]
  0x0000021a20922000 GCTaskThread "GC Thread#2" [stack: 0x0000002aeed00000,0x0000002aeee00000] [id=6664]
  0x0000021a206d7000 GCTaskThread "GC Thread#3" [stack: 0x0000002aef800000,0x0000002aef900000] [id=4364]
  0x0000021a21c86000 GCTaskThread "GC Thread#4" [stack: 0x0000002aef900000,0x0000002aefa00000] [id=5424]
  0x0000021a21197800 GCTaskThread "GC Thread#5" [stack: 0x0000002aefa00000,0x0000002aefb00000] [id=12840]
  0x0000021a210c0800 GCTaskThread "GC Thread#6" [stack: 0x0000002aefb00000,0x0000002aefc00000] [id=12836]
  0x0000021a2146e000 GCTaskThread "GC Thread#7" [stack: 0x0000002aefc00000,0x0000002aefd00000] [id=1224]
  0x0000021a22202000 GCTaskThread "GC Thread#8" [stack: 0x0000002aefd00000,0x0000002aefe00000] [id=2804]
  0x0000021a212d5800 GCTaskThread "GC Thread#9" [stack: 0x0000002aefe00000,0x0000002aeff00000] [id=5392]
  0x0000021a04943800 ConcurrentGCThread "G1 Main Marker" [stack: 0x0000002aedc00000,0x0000002aedd00000] [id=7508]
  0x0000021a04945000 ConcurrentGCThread "G1 Conc#0" [stack: 0x0000002aedd00000,0x0000002aede00000] [id=13184]
  0x0000021a21c16000 ConcurrentGCThread "G1 Conc#1" [stack: 0x0000002af0200000,0x0000002af0300000] [id=12544]
  0x0000021a21e98800 ConcurrentGCThread "G1 Conc#2" [stack: 0x0000002af0300000,0x0000002af0400000] [id=12828]
  0x0000021a1f04b800 ConcurrentGCThread "G1 Refine#0" [stack: 0x0000002aede00000,0x0000002aedf00000] [id=1220]
  0x0000021a1f04c000 ConcurrentGCThread "G1 Young RemSet Sampling" [stack: 0x0000002aedf00000,0x0000002aee000000] [id=3236]

Threads with active compile tasks:
C2 CompilerThread0   2218 1897   !   4       java.lang.ClassLoader::loadClass (122 bytes)
C2 CompilerThread1   2218 1939       4       jdk.internal.org.objectweb.asm.ClassWriter::newUTF8 (70 bytes)

VM state:not at safepoint (normal execution)

VM Mutex/Monitor currently owned by a thread: None

Heap address: 0x0000000080000000, size: 2048 MB, Compressed Oops mode: 32-bit
Narrow klass base: 0x0000000000000000, Narrow klass shift: 3
Compressed class space size: 1073741824 Address: 0x0000000100000000

Heap:
 garbage-first heap   total 131072K, used 26803K [0x0000000080000000, 0x0000000100000000)
  region size 1024K, 12 young (12288K), 2 survivors (2048K)
 Metaspace       used 21942K, capacity 22456K, committed 22704K, reserved 1069056K
  class space    used 2728K, capacity 2900K, committed 2944K, reserved 1048576K
Heap Regions: E=young(eden), S=young(survivor), O=old, HS=humongous(starts), HC=humongous(continues), CS=collection set, F=free, A=archive, TAMS=top-at-mark-start (previous, next)
|   0|0x0000000080000000, 0x0000000080100000, 0x0000000080100000|100%| O|  |TAMS 0x0000000080100000, 0x0000000080000000| Untracked 
|   1|0x0000000080100000, 0x0000000080200000, 0x0000000080200000|100%| O|  |TAMS 0x0000000080200000, 0x0000000080100000| Untracked 
|   2|0x0000000080200000, 0x0000000080300000, 0x0000000080300000|100%| O|  |TAMS 0x0000000080300000, 0x0000000080200000| Untracked 
|   3|0x0000000080300000, 0x0000000080400000, 0x0000000080400000|100%|HS|  |TAMS 0x0000000080400000, 0x0000000080300000| Complete 
|   4|0x0000000080400000, 0x0000000080500000, 0x0000000080500000|100%|HC|  |TAMS 0x0000000080500000, 0x0000000080400000| Complete 
|   5|0x0000000080500000, 0x0000000080600000, 0x0000000080600000|100%|HC|  |TAMS 0x0000000080600000, 0x0000000080500000| Complete 
|   6|0x0000000080600000, 0x0000000080700000, 0x0000000080700000|100%| O|  |TAMS 0x0000000080700000, 0x0000000080600000| Untracked 
|   7|0x0000000080700000, 0x0000000080800000, 0x0000000080800000|100%| O|  |TAMS 0x0000000080800000, 0x0000000080700000| Untracked 
|   8|0x0000000080800000, 0x0000000080900000, 0x0000000080900000|100%| O|  |TAMS 0x0000000080900000, 0x0000000080800000| Untracked 
|   9|0x0000000080900000, 0x0000000080a00000, 0x0000000080a00000|100%| O|  |TAMS 0x0000000080a00000, 0x0000000080900000| Untracked 
|  10|0x0000000080a00000, 0x0000000080b00000, 0x0000000080b00000|100%| O|  |TAMS 0x0000000080b00000, 0x0000000080a00000| Untracked 
|  11|0x0000000080b00000, 0x0000000080c00000, 0x0000000080c00000|100%| O|  |TAMS 0x0000000080c00000, 0x0000000080b00000| Untracked 
|  12|0x0000000080c00000, 0x0000000080d00000, 0x0000000080d00000|100%| O|  |TAMS 0x0000000080d00000, 0x0000000080c00000| Untracked 
|  13|0x0000000080d00000, 0x0000000080e00000, 0x0000000080e00000|100%| O|  |TAMS 0x0000000080e00000, 0x0000000080d00000| Untracked 
|  14|0x0000000080e00000, 0x0000000080f00000, 0x0000000080f00000|100%| O|  |TAMS 0x0000000080f00000, 0x0000000080e00000| Untracked 
|  15|0x0000000080f00000, 0x0000000080ffa400, 0x0000000081000000| 97%| O|  |TAMS 0x0000000080ffa400, 0x0000000080f00000| Untracked 
|  16|0x0000000081000000, 0x0000000081000000, 0x0000000081100000|  0%| F|  |TAMS 0x0000000081000000, 0x0000000081000000| Untracked 
|  17|0x0000000081100000, 0x0000000081100000, 0x0000000081200000|  0%| F|  |TAMS 0x0000000081100000, 0x0000000081100000| Untracked 
|  18|0x0000000081200000, 0x0000000081200000, 0x0000000081300000|  0%| F|  |TAMS 0x0000000081200000, 0x0000000081200000| Untracked 
|  19|0x0000000081300000, 0x0000000081300000, 0x0000000081400000|  0%| F|  |TAMS 0x0000000081300000, 0x0000000081300000| Untracked 
|  20|0x0000000081400000, 0x0000000081400000, 0x0000000081500000|  0%| F|  |TAMS 0x0000000081400000, 0x0000000081400000| Untracked 
|  21|0x0000000081500000, 0x0000000081500000, 0x0000000081600000|  0%| F|  |TAMS 0x0000000081500000, 0x0000000081500000| Untracked 
|  22|0x0000000081600000, 0x0000000081600000, 0x0000000081700000|  0%| F|  |TAMS 0x0000000081600000, 0x0000000081600000| Untracked 
|  23|0x0000000081700000, 0x0000000081700000, 0x0000000081800000|  0%| F|  |TAMS 0x0000000081700000, 0x0000000081700000| Untracked 
|  24|0x0000000081800000, 0x0000000081800000, 0x0000000081900000|  0%| F|  |TAMS 0x0000000081800000, 0x0000000081800000| Untracked 
|  25|0x0000000081900000, 0x0000000081900000, 0x0000000081a00000|  0%| F|  |TAMS 0x0000000081900000, 0x0000000081900000| Untracked 
|  26|0x0000000081a00000, 0x0000000081a00000, 0x0000000081b00000|  0%| F|  |TAMS 0x0000000081a00000, 0x0000000081a00000| Untracked 
|  27|0x0000000081b00000, 0x0000000081b00000, 0x0000000081c00000|  0%| F|  |TAMS 0x0000000081b00000, 0x0000000081b00000| Untracked 
|  28|0x0000000081c00000, 0x0000000081c00000, 0x0000000081d00000|  0%| F|  |TAMS 0x0000000081c00000, 0x0000000081c00000| Untracked 
|  29|0x0000000081d00000, 0x0000000081d00000, 0x0000000081e00000|  0%| F|  |TAMS 0x0000000081d00000, 0x0000000081d00000| Untracked 
|  30|0x0000000081e00000, 0x0000000081e00000, 0x0000000081f00000|  0%| F|  |TAMS 0x0000000081e00000, 0x0000000081e00000| Untracked 
|  31|0x0000000081f00000, 0x0000000081f00000, 0x0000000082000000|  0%| F|  |TAMS 0x0000000081f00000, 0x0000000081f00000| Untracked 
|  32|0x0000000082000000, 0x0000000082000000, 0x0000000082100000|  0%| F|  |TAMS 0x0000000082000000, 0x0000000082000000| Untracked 
|  33|0x0000000082100000, 0x0000000082100000, 0x0000000082200000|  0%| F|  |TAMS 0x0000000082100000, 0x0000000082100000| Untracked 
|  34|0x0000000082200000, 0x0000000082200000, 0x0000000082300000|  0%| F|  |TAMS 0x0000000082200000, 0x0000000082200000| Untracked 
|  35|0x0000000082300000, 0x0000000082300000, 0x0000000082400000|  0%| F|  |TAMS 0x0000000082300000, 0x0000000082300000| Untracked 
|  36|0x0000000082400000, 0x0000000082400000, 0x0000000082500000|  0%| F|  |TAMS 0x0000000082400000, 0x0000000082400000| Untracked 
|  37|0x0000000082500000, 0x0000000082500000, 0x0000000082600000|  0%| F|  |TAMS 0x0000000082500000, 0x0000000082500000| Untracked 
|  38|0x0000000082600000, 0x0000000082600000, 0x0000000082700000|  0%| F|  |TAMS 0x0000000082600000, 0x0000000082600000| Untracked 
|  39|0x0000000082700000, 0x0000000082700000, 0x0000000082800000|  0%| F|  |TAMS 0x0000000082700000, 0x0000000082700000| Untracked 
|  40|0x0000000082800000, 0x0000000082800000, 0x0000000082900000|  0%| F|  |TAMS 0x0000000082800000, 0x0000000082800000| Untracked 
|  41|0x0000000082900000, 0x0000000082900000, 0x0000000082a00000|  0%| F|  |TAMS 0x0000000082900000, 0x0000000082900000| Untracked 
|  42|0x0000000082a00000, 0x0000000082a00000, 0x0000000082b00000|  0%| F|  |TAMS 0x0000000082a00000, 0x0000000082a00000| Untracked 
|  43|0x0000000082b00000, 0x0000000082b00000, 0x0000000082c00000|  0%| F|  |TAMS 0x0000000082b00000, 0x0000000082b00000| Untracked 
|  44|0x0000000082c00000, 0x0000000082c00000, 0x0000000082d00000|  0%| F|  |TAMS 0x0000000082c00000, 0x0000000082c00000| Untracked 
|  45|0x0000000082d00000, 0x0000000082d00000, 0x0000000082e00000|  0%| F|  |TAMS 0x0000000082d00000, 0x0000000082d00000| Untracked 
|  46|0x0000000082e00000, 0x0000000082e00000, 0x0000000082f00000|  0%| F|  |TAMS 0x0000000082e00000, 0x0000000082e00000| Untracked 
|  47|0x0000000082f00000, 0x0000000082f00000, 0x0000000083000000|  0%| F|  |TAMS 0x0000000082f00000, 0x0000000082f00000| Untracked 
|  48|0x0000000083000000, 0x0000000083000000, 0x0000000083100000|  0%| F|  |TAMS 0x0000000083000000, 0x0000000083000000| Untracked 
|  49|0x0000000083100000, 0x0000000083100000, 0x0000000083200000|  0%| F|  |TAMS 0x0000000083100000, 0x0000000083100000| Untracked 
|  50|0x0000000083200000, 0x0000000083200000, 0x0000000083300000|  0%| F|  |TAMS 0x0000000083200000, 0x0000000083200000| Untracked 
|  51|0x0000000083300000, 0x0000000083300000, 0x0000000083400000|  0%| F|  |TAMS 0x0000000083300000, 0x0000000083300000| Untracked 
|  52|0x0000000083400000, 0x0000000083400000, 0x0000000083500000|  0%| F|  |TAMS 0x0000000083400000, 0x0000000083400000| Untracked 
|  53|0x0000000083500000, 0x0000000083500000, 0x0000000083600000|  0%| F|  |TAMS 0x0000000083500000, 0x0000000083500000| Untracked 
|  54|0x0000000083600000, 0x0000000083600000, 0x0000000083700000|  0%| F|  |TAMS 0x0000000083600000, 0x0000000083600000| Untracked 
|  55|0x0000000083700000, 0x0000000083700000, 0x0000000083800000|  0%| F|  |TAMS 0x0000000083700000, 0x0000000083700000| Untracked 
|  56|0x0000000083800000, 0x0000000083800000, 0x0000000083900000|  0%| F|  |TAMS 0x0000000083800000, 0x0000000083800000| Untracked 
|  57|0x0000000083900000, 0x0000000083900000, 0x0000000083a00000|  0%| F|  |TAMS 0x0000000083900000, 0x0000000083900000| Untracked 
|  58|0x0000000083a00000, 0x0000000083a00000, 0x0000000083b00000|  0%| F|  |TAMS 0x0000000083a00000, 0x0000000083a00000| Untracked 
|  59|0x0000000083b00000, 0x0000000083b00000, 0x0000000083c00000|  0%| F|  |TAMS 0x0000000083b00000, 0x0000000083b00000| Untracked 
|  60|0x0000000083c00000, 0x0000000083c00000, 0x0000000083d00000|  0%| F|  |TAMS 0x0000000083c00000, 0x0000000083c00000| Untracked 
|  61|0x0000000083d00000, 0x0000000083d00000, 0x0000000083e00000|  0%| F|  |TAMS 0x0000000083d00000, 0x0000000083d00000| Untracked 
|  62|0x0000000083e00000, 0x0000000083e00000, 0x0000000083f00000|  0%| F|  |TAMS 0x0000000083e00000, 0x0000000083e00000| Untracked 
|  63|0x0000000083f00000, 0x0000000083f00000, 0x0000000084000000|  0%| F|  |TAMS 0x0000000083f00000, 0x0000000083f00000| Untracked 
|  64|0x0000000084000000, 0x0000000084000000, 0x0000000084100000|  0%| F|  |TAMS 0x0000000084000000, 0x0000000084000000| Untracked 
|  65|0x0000000084100000, 0x0000000084100000, 0x0000000084200000|  0%| F|  |TAMS 0x0000000084100000, 0x0000000084100000| Untracked 
|  66|0x0000000084200000, 0x0000000084200000, 0x0000000084300000|  0%| F|  |TAMS 0x0000000084200000, 0x0000000084200000| Untracked 
|  67|0x0000000084300000, 0x0000000084300000, 0x0000000084400000|  0%| F|  |TAMS 0x0000000084300000, 0x0000000084300000| Untracked 
|  68|0x0000000084400000, 0x0000000084400000, 0x0000000084500000|  0%| F|  |TAMS 0x0000000084400000, 0x0000000084400000| Untracked 
|  69|0x0000000084500000, 0x0000000084500000, 0x0000000084600000|  0%| F|  |TAMS 0x0000000084500000, 0x0000000084500000| Untracked 
|  70|0x0000000084600000, 0x0000000084600000, 0x0000000084700000|  0%| F|  |TAMS 0x0000000084600000, 0x0000000084600000| Untracked 
|  71|0x0000000084700000, 0x0000000084700000, 0x0000000084800000|  0%| F|  |TAMS 0x0000000084700000, 0x0000000084700000| Untracked 
|  72|0x0000000084800000, 0x0000000084800000, 0x0000000084900000|  0%| F|  |TAMS 0x0000000084800000, 0x0000000084800000| Untracked 
|  73|0x0000000084900000, 0x0000000084900000, 0x0000000084a00000|  0%| F|  |TAMS 0x0000000084900000, 0x0000000084900000| Untracked 
|  74|0x0000000084a00000, 0x0000000084a00000, 0x0000000084b00000|  0%| F|  |TAMS 0x0000000084a00000, 0x0000000084a00000| Untracked 
|  75|0x0000000084b00000, 0x0000000084b00000, 0x0000000084c00000|  0%| F|  |TAMS 0x0000000084b00000, 0x0000000084b00000| Untracked 
|  76|0x0000000084c00000, 0x0000000084c00000, 0x0000000084d00000|  0%| F|  |TAMS 0x0000000084c00000, 0x0000000084c00000| Untracked 
|  77|0x0000000084d00000, 0x0000000084d00000, 0x0000000084e00000|  0%| F|  |TAMS 0x0000000084d00000, 0x0000000084d00000| Untracked 
|  78|0x0000000084e00000, 0x0000000084e00000, 0x0000000084f00000|  0%| F|  |TAMS 0x0000000084e00000, 0x0000000084e00000| Untracked 
|  79|0x0000000084f00000, 0x0000000084f00000, 0x0000000085000000|  0%| F|  |TAMS 0x0000000084f00000, 0x0000000084f00000| Untracked 
|  80|0x0000000085000000, 0x0000000085000000, 0x0000000085100000|  0%| F|  |TAMS 0x0000000085000000, 0x0000000085000000| Untracked 
|  81|0x0000000085100000, 0x0000000085100000, 0x0000000085200000|  0%| F|  |TAMS 0x0000000085100000, 0x0000000085100000| Untracked 
|  82|0x0000000085200000, 0x0000000085200000, 0x0000000085300000|  0%| F|  |TAMS 0x0000000085200000, 0x0000000085200000| Untracked 
|  83|0x0000000085300000, 0x0000000085300000, 0x0000000085400000|  0%| F|  |TAMS 0x0000000085300000, 0x0000000085300000| Untracked 
|  84|0x0000000085400000, 0x0000000085400000, 0x0000000085500000|  0%| F|  |TAMS 0x0000000085400000, 0x0000000085400000| Untracked 
|  85|0x0000000085500000, 0x0000000085500000, 0x0000000085600000|  0%| F|  |TAMS 0x0000000085500000, 0x0000000085500000| Untracked 
|  86|0x0000000085600000, 0x0000000085600000, 0x0000000085700000|  0%| F|  |TAMS 0x0000000085600000, 0x0000000085600000| Untracked 
|  87|0x0000000085700000, 0x0000000085700000, 0x0000000085800000|  0%| F|  |TAMS 0x0000000085700000, 0x0000000085700000| Untracked 
|  88|0x0000000085800000, 0x0000000085800000, 0x0000000085900000|  0%| F|  |TAMS 0x0000000085800000, 0x0000000085800000| Untracked 
|  89|0x0000000085900000, 0x0000000085900000, 0x0000000085a00000|  0%| F|  |TAMS 0x0000000085900000, 0x0000000085900000| Untracked 
|  90|0x0000000085a00000, 0x0000000085a00000, 0x0000000085b00000|  0%| F|  |TAMS 0x0000000085a00000, 0x0000000085a00000| Untracked 
|  91|0x0000000085b00000, 0x0000000085b00000, 0x0000000085c00000|  0%| F|  |TAMS 0x0000000085b00000, 0x0000000085b00000| Untracked 
|  92|0x0000000085c00000, 0x0000000085c00000, 0x0000000085d00000|  0%| F|  |TAMS 0x0000000085c00000, 0x0000000085c00000| Untracked 
|  93|0x0000000085d00000, 0x0000000085d00000, 0x0000000085e00000|  0%| F|  |TAMS 0x0000000085d00000, 0x0000000085d00000| Untracked 
|  94|0x0000000085e00000, 0x0000000085e00000, 0x0000000085f00000|  0%| F|  |TAMS 0x0000000085e00000, 0x0000000085e00000| Untracked 
|  95|0x0000000085f00000, 0x0000000085f00000, 0x0000000086000000|  0%| F|  |TAMS 0x0000000085f00000, 0x0000000085f00000| Untracked 
|  96|0x0000000086000000, 0x0000000086000000, 0x0000000086100000|  0%| F|  |TAMS 0x0000000086000000, 0x0000000086000000| Untracked 
|  97|0x0000000086100000, 0x0000000086132838, 0x0000000086200000| 19%| S|CS|TAMS 0x0000000086100000, 0x0000000086100000| Complete 
|  98|0x0000000086200000, 0x0000000086300000, 0x0000000086300000|100%| S|CS|TAMS 0x0000000086200000, 0x0000000086200000| Complete 
|  99|0x0000000086300000, 0x0000000086300000, 0x0000000086400000|  0%| F|  |TAMS 0x0000000086300000, 0x0000000086300000| Untracked 
| 100|0x0000000086400000, 0x0000000086400000, 0x0000000086500000|  0%| F|  |TAMS 0x0000000086400000, 0x0000000086400000| Untracked 
| 101|0x0000000086500000, 0x0000000086500000, 0x0000000086600000|  0%| F|  |TAMS 0x0000000086500000, 0x0000000086500000| Untracked 
| 102|0x0000000086600000, 0x0000000086600000, 0x0000000086700000|  0%| F|  |TAMS 0x0000000086600000, 0x0000000086600000| Untracked 
| 103|0x0000000086700000, 0x0000000086700000, 0x0000000086800000|  0%| F|  |TAMS 0x0000000086700000, 0x0000000086700000| Untracked 
| 104|0x0000000086800000, 0x0000000086800000, 0x0000000086900000|  0%| F|  |TAMS 0x0000000086800000, 0x0000000086800000| Untracked 
| 105|0x0000000086900000, 0x0000000086900000, 0x0000000086a00000|  0%| F|  |TAMS 0x0000000086900000, 0x0000000086900000| Untracked 
| 106|0x0000000086a00000, 0x0000000086a00000, 0x0000000086b00000|  0%| F|  |TAMS 0x0000000086a00000, 0x0000000086a00000| Untracked 
| 107|0x0000000086b00000, 0x0000000086b00000, 0x0000000086c00000|  0%| F|  |TAMS 0x0000000086b00000, 0x0000000086b00000| Untracked 
| 108|0x0000000086c00000, 0x0000000086c00000, 0x0000000086d00000|  0%| F|  |TAMS 0x0000000086c00000, 0x0000000086c00000| Untracked 
| 109|0x0000000086d00000, 0x0000000086d00000, 0x0000000086e00000|  0%| F|  |TAMS 0x0000000086d00000, 0x0000000086d00000| Untracked 
| 110|0x0000000086e00000, 0x0000000086e00000, 0x0000000086f00000|  0%| F|  |TAMS 0x0000000086e00000, 0x0000000086e00000| Untracked 
| 111|0x0000000086f00000, 0x0000000086f00000, 0x0000000087000000|  0%| F|  |TAMS 0x0000000086f00000, 0x0000000086f00000| Untracked 
| 112|0x0000000087000000, 0x0000000087000000, 0x0000000087100000|  0%| F|  |TAMS 0x0000000087000000, 0x0000000087000000| Untracked 
| 113|0x0000000087100000, 0x0000000087100000, 0x0000000087200000|  0%| F|  |TAMS 0x0000000087100000, 0x0000000087100000| Untracked 
| 114|0x0000000087200000, 0x0000000087200000, 0x0000000087300000|  0%| F|  |TAMS 0x0000000087200000, 0x0000000087200000| Untracked 
| 115|0x0000000087300000, 0x0000000087300000, 0x0000000087400000|  0%| F|  |TAMS 0x0000000087300000, 0x0000000087300000| Untracked 
| 116|0x0000000087400000, 0x0000000087400000, 0x0000000087500000|  0%| F|  |TAMS 0x0000000087400000, 0x0000000087400000| Untracked 
| 117|0x0000000087500000, 0x0000000087500000, 0x0000000087600000|  0%| F|  |TAMS 0x0000000087500000, 0x0000000087500000| Untracked 
| 118|0x0000000087600000, 0x00000000876ef638, 0x0000000087700000| 93%| E|  |TAMS 0x0000000087600000, 0x0000000087600000| Complete 
| 119|0x0000000087700000, 0x0000000087800000, 0x0000000087800000|100%| E|CS|TAMS 0x0000000087700000, 0x0000000087700000| Complete 
| 120|0x0000000087800000, 0x0000000087900000, 0x0000000087900000|100%| E|CS|TAMS 0x0000000087800000, 0x0000000087800000| Complete 
| 121|0x0000000087900000, 0x0000000087a00000, 0x0000000087a00000|100%| E|CS|TAMS 0x0000000087900000, 0x0000000087900000| Complete 
| 122|0x0000000087a00000, 0x0000000087b00000, 0x0000000087b00000|100%| E|CS|TAMS 0x0000000087a00000, 0x0000000087a00000| Complete 
| 123|0x0000000087b00000, 0x0000000087c00000, 0x0000000087c00000|100%| E|CS|TAMS 0x0000000087b00000, 0x0000000087b00000| Complete 
| 124|0x0000000087c00000, 0x0000000087d00000, 0x0000000087d00000|100%| E|CS|TAMS 0x0000000087c00000, 0x0000000087c00000| Complete 
| 125|0x0000000087d00000, 0x0000000087e00000, 0x0000000087e00000|100%| E|CS|TAMS 0x0000000087d00000, 0x0000000087d00000| Complete 
| 126|0x0000000087e00000, 0x0000000087f00000, 0x0000000087f00000|100%| E|CS|TAMS 0x0000000087e00000, 0x0000000087e00000| Complete 
| 127|0x0000000087f00000, 0x0000000088000000, 0x0000000088000000|100%| E|CS|TAMS 0x0000000087f00000, 0x0000000087f00000| Complete 

Card table byte_map: [0x0000021a17d50000,0x0000021a18150000] _byte_map_base: 0x0000021a17950000

Marking Bits (Prev, Next): (CMBitMap*) 0x0000021a0493ad00, (CMBitMap*) 0x0000021a0493acc8
 Prev Bits: [0x0000021a1a550000, 0x0000021a1c550000)
 Next Bits: [0x0000021a18550000, 0x0000021a1a550000)

Polling page: 0x0000021a028d0000

Metaspace:

Usage:
  Non-class:     19.16 MB capacity,    18.81 MB ( 98%) used,   323.53 KB (  2%) free+waste,    37.50 KB ( <1%) overhead. 
      Class:      2.83 MB capacity,     2.67 MB ( 94%) used,   147.91 KB (  5%) free+waste,    18.44 KB ( <1%) overhead. 
       Both:     21.99 MB capacity,    21.48 MB ( 98%) used,   471.45 KB (  2%) free+waste,    55.94 KB ( <1%) overhead. 

Virtual space:
  Non-class space:       20.00 MB reserved,      19.30 MB ( 96%) committed 
      Class space:        1.00 GB reserved,       2.88 MB ( <1%) committed 
             Both:        1.02 GB reserved,      22.17 MB (  2%) committed 

Chunk freelists:
   Non-Class:  28.00 KB
       Class:  12.00 KB
        Both:  40.00 KB

MaxMetaspaceSize: 17179869184.00 GB
CompressedClassSpaceSize: 1.00 GB
Initial GC threshold: 20.80 MB
Current GC threshold: 35.08 MB
CDS: off

CodeHeap 'non-profiled nmethods': size=120000Kb used=968Kb max_used=968Kb free=119031Kb
 bounds [0x0000021a0fed0000, 0x0000021a10140000, 0x0000021a17400000]
CodeHeap 'profiled nmethods': size=120000Kb used=4079Kb max_used=4079Kb free=115920Kb
 bounds [0x0000021a089a0000, 0x0000021a08da0000, 0x0000021a0fed0000]
CodeHeap 'non-nmethods': size=5760Kb used=1214Kb max_used=1226Kb free=4545Kb
 bounds [0x0000021a08400000, 0x0000021a08670000, 0x0000021a089a0000]
 total_blobs=2419 nmethods=1937 adapters=394
 compilation: enabled
              stopped_count=0, restarted_count=0
 full_count=0

Compilation events (20 events):
Event: 2.187 Thread 0x0000021a219ab800 nmethod 1921 0x0000021a0ffc0890 code [0x0000021a0ffc0a60, 0x0000021a0ffc13d8]
Event: 2.192 Thread 0x0000021a1fa6e800 1927       3       java.lang.invoke.VarHandleGuards::guard_LL_V (103 bytes)
Event: 2.193 Thread 0x0000021a1fa6e800 nmethod 1927 0x0000021a08d8a390 code [0x0000021a08d8a700, 0x0000021a08d8c1a8]
Event: 2.193 Thread 0x0000021a1fa6e800 1929       3       jdk.internal.org.objectweb.asm.MethodWriter::visitEnd (1 bytes)
Event: 2.193 Thread 0x0000021a1fa6e800 nmethod 1929 0x0000021a08d8ca90 code [0x0000021a08d8cc40, 0x0000021a08d8cd38]
Event: 2.193 Thread 0x0000021a1fa6e800 1930       3       jdk.internal.org.objectweb.asm.MethodWriter::getSize (838 bytes)
Event: 2.195 Thread 0x0000021a1fa6e800 nmethod 1930 0x0000021a08d8ce10 code [0x0000021a08d8d2c0, 0x0000021a08d8f1a8]
Event: 2.195 Thread 0x0000021a1fa6e800 1931       3       jdk.internal.org.objectweb.asm.MethodWriter::put (1602 bytes)
Event: 2.198 Thread 0x0000021a1fa6e800 nmethod 1931 0x0000021a08d8ff90 code [0x0000021a08d90880, 0x0000021a08d93c38]
Event: 2.199 Thread 0x0000021a1fa6e800 1928       1       java.lang.invoke.MethodHandleNatives::isPullModeBSM (2 bytes)
Event: 2.199 Thread 0x0000021a1fa6e800 nmethod 1928 0x0000021a0ffc1f10 code [0x0000021a0ffc20c0, 0x0000021a0ffc2158]
Event: 2.199 Thread 0x0000021a1fa6e800 1934       3       java.lang.reflect.ProxyGenerator$ConstantPool::getFieldRef (33 bytes)
Event: 2.200 Thread 0x0000021a1fa6e800 nmethod 1934 0x0000021a08d95290 code [0x0000021a08d95560, 0x0000021a08d961c8]
Event: 2.200 Thread 0x0000021a1fa6e800 1935       3       java.lang.invoke.VarHandleObjects$FieldInstanceReadWrite::set (30 bytes)
Event: 2.200 Thread 0x0000021a1fa6e800 nmethod 1935 0x0000021a08d96710 code [0x0000021a08d96940, 0x0000021a08d97048]
Event: 2.200 Thread 0x0000021a1fa6e800 1936       3       java.util.Collections$EmptyMap::entrySet (4 bytes)
Event: 2.200 Thread 0x0000021a1fa6e800 nmethod 1936 0x0000021a08d97310 code [0x0000021a08d974c0, 0x0000021a08d97618]
Event: 2.202 Thread 0x0000021a1fa6e800 1937   !   3       org.gradle.internal.classloader.TransformingClassLoader::findClass (203 bytes)
Event: 2.204 Thread 0x0000021a1fa6e800 nmethod 1937 0x0000021a08d97710 code [0x0000021a08d97c60, 0x0000021a08d9a578]
Event: 2.204 Thread 0x0000021a1fa6e800 1938       3       org.gradle.initialization.MixInLegacyTypesClassLoader::shouldTransform (42 bytes)

GC Heap History (6 events):
Event: 0.597 GC heap before
{Heap before GC invocations=0 (full 0):
 garbage-first heap   total 131072K, used 29696K [0x0000000080000000, 0x0000000100000000)
  region size 1024K, 24 young (24576K), 0 survivors (0K)
 Metaspace       used 9861K, capacity 10118K, committed 10368K, reserved 1058816K
  class space    used 1028K, capacity 1102K, committed 1152K, reserved 1048576K
}
Event: 0.604 GC heap after
{Heap after GC invocations=1 (full 0):
 garbage-first heap   total 131072K, used 9612K [0x0000000080000000, 0x0000000100000000)
  region size 1024K, 3 young (3072K), 3 survivors (3072K)
 Metaspace       used 9861K, capacity 10118K, committed 10368K, reserved 1058816K
  class space    used 1028K, capacity 1102K, committed 1152K, reserved 1048576K
}
Event: 1.834 GC heap before
{Heap before GC invocations=1 (full 0):
 garbage-first heap   total 131072K, used 85388K [0x0000000080000000, 0x0000000100000000)
  region size 1024K, 76 young (77824K), 3 survivors (3072K)
 Metaspace       used 17596K, capacity 17971K, committed 18176K, reserved 1064960K
  class space    used 2081K, capacity 2209K, committed 2304K, reserved 1048576K
}
Event: 1.841 GC heap after
{Heap after GC invocations=2 (full 0):
 garbage-first heap   total 131072K, used 16542K [0x0000000080000000, 0x0000000100000000)
  region size 1024K, 10 young (10240K), 10 survivors (10240K)
 Metaspace       used 17596K, capacity 17971K, committed 18176K, reserved 1064960K
  class space    used 2081K, capacity 2209K, committed 2304K, reserved 1048576K
}
Event: 2.123 GC heap before
{Heap before GC invocations=2 (full 0):
 garbage-first heap   total 131072K, used 45214K [0x0000000080000000, 0x0000000100000000)
  region size 1024K, 39 young (39936K), 10 survivors (10240K)
 Metaspace       used 20756K, capacity 21153K, committed 21296K, reserved 1069056K
  class space    used 2560K, capacity 2716K, committed 2816K, reserved 1048576K
}
Event: 2.130 GC heap after
{Heap after GC invocations=3 (full 0):
 garbage-first heap   total 131072K, used 17587K [0x0000000080000000, 0x0000000100000000)
  region size 1024K, 2 young (2048K), 2 survivors (2048K)
 Metaspace       used 20756K, capacity 21153K, committed 21296K, reserved 1069056K
  class space    used 2560K, capacity 2716K, committed 2816K, reserved 1048576K
}

Deoptimization events (20 events):
Event: 2.076 Thread 0x0000021a219aa800 Uncommon trap: trap_request=0xffffffc6 fr.pc=0x0000021a0ff46ba4 relative=0x0000000000000084
Event: 2.076 Thread 0x0000021a219aa800 Uncommon trap: reason=bimorphic_or_optimized_type_check action=maybe_recompile pc=0x0000021a0ff46ba4 method=java.util.AbstractList$Itr.hasNext()Z @ 8 c2
Event: 2.077 Thread 0x0000021a219aa800 DEOPT PACKING pc=0x0000021a0ff46ba4 sp=0x0000002aef3fab80
Event: 2.077 Thread 0x0000021a219aa800 DEOPT UNPACKING pc=0x0000021a0844a1af sp=0x0000002aef3fab18 mode 2
Event: 2.077 Thread 0x0000021a219aa800 Uncommon trap: trap_request=0xffffffc6 fr.pc=0x0000021a0ff46f40 relative=0x0000000000000100
Event: 2.077 Thread 0x0000021a219aa800 Uncommon trap: reason=bimorphic_or_optimized_type_check action=maybe_recompile pc=0x0000021a0ff46f40 method=java.util.AbstractList$Itr.next()Ljava/lang/Object; @ 14 c2
Event: 2.077 Thread 0x0000021a219aa800 DEOPT PACKING pc=0x0000021a0ff46f40 sp=0x0000002aef3fab70
Event: 2.077 Thread 0x0000021a219aa800 DEOPT UNPACKING pc=0x0000021a0844a1af sp=0x0000002aef3fab08 mode 2
Event: 2.077 Thread 0x0000021a219aa800 Uncommon trap: trap_request=0xffffff4d fr.pc=0x0000021a0ff433f0 relative=0x0000000000000630
Event: 2.077 Thread 0x0000021a219aa800 Uncommon trap: reason=unstable_if action=reinterpret pc=0x0000021a0ff433f0 method=java.io.File.getName()Ljava/lang/String; @ 16 c2
Event: 2.077 Thread 0x0000021a219aa800 DEOPT PACKING pc=0x0000021a0ff433f0 sp=0x0000002aef3fb540
Event: 2.077 Thread 0x0000021a219aa800 DEOPT UNPACKING pc=0x0000021a0844a1af sp=0x0000002aef3fb510 mode 2
Event: 2.077 Thread 0x0000021a219aa800 Uncommon trap: trap_request=0xffffff4d fr.pc=0x0000021a0ff41008 relative=0x00000000000004c8
Event: 2.077 Thread 0x0000021a219aa800 Uncommon trap: reason=unstable_if action=reinterpret pc=0x0000021a0ff41008 method=java.lang.String.substring(I)Ljava/lang/String; @ 34 c2
Event: 2.077 Thread 0x0000021a219aa800 DEOPT PACKING pc=0x0000021a0ff41008 sp=0x0000002aef3fb4c0
Event: 2.077 Thread 0x0000021a219aa800 DEOPT UNPACKING pc=0x0000021a0844a1af sp=0x0000002aef3fb498 mode 2
Event: 2.193 Thread 0x0000021a219aa800 Uncommon trap: trap_request=0xffffff4d fr.pc=0x0000021a0ffafbb0 relative=0x00000000000003b0
Event: 2.193 Thread 0x0000021a219aa800 Uncommon trap: reason=unstable_if action=reinterpret pc=0x0000021a0ffafbb0 method=jdk.internal.org.objectweb.asm.Type.getArgumentsAndReturnSizes(Ljava/lang/String;)I @ 88 c2
Event: 2.193 Thread 0x0000021a219aa800 DEOPT PACKING pc=0x0000021a0ffafbb0 sp=0x0000002aef3f9ab0
Event: 2.193 Thread 0x0000021a219aa800 DEOPT UNPACKING pc=0x0000021a0844a1af sp=0x0000002aef3f9a38 mode 2

Classes redefined (0 events):
No events

Internal exceptions (20 events):
Event: 0.193 Thread 0x0000021a048f9800 Exception <a 'java/lang/NoSuchMethodError'{0x0000000087c27ee8}: 'int java.lang.invoke.DirectMethodHandle$Holder.invokeSpecialIFC(java.lang.Object, java.lang.Object, int)'> (0x0000000087c27ee8) thrown at [./src/hotspot/share/interpreter/linkResolver.cpp, line 773]
Event: 0.400 Thread 0x0000021a048f9800 Exception <a 'java/lang/NoClassDefFoundError'{0x00000000871b89f8}: org/slf4j/impl/StaticMarkerBinder> (0x00000000871b89f8) thrown at [./src/hotspot/share/classfile/systemDictionary.cpp, line 220]
Event: 0.456 Thread 0x0000021a048f9800 Exception <a 'java/lang/NoSuchMethodError'{0x0000000086ed02a0}: 'java.lang.Object java.lang.invoke.DirectMethodHandle$Holder.invokeVirtual(java.lang.Object, java.lang.Object, java.lang.Object, java.lang.Object, java.lang.Object, java.lang.Object, java.lang.Object)'> (0x0000000086ed02a0) thrown at [./src/hotspot/share/interpreter/linkResolver.cpp, line 773]
Event: 0.458 Thread 0x0000021a048f9800 Exception <a 'java/lang/NoSuchMethodError'{0x0000000086ee4df8}: 'java.lang.Object java.lang.invoke.Invokers$Holder.invoker(java.lang.Object, java.lang.Object, java.lang.Object)'> (0x0000000086ee4df8) thrown at [./src/hotspot/share/interpreter/linkResolver.cpp, line 773]
Event: 0.461 Thread 0x0000021a048f9800 Exception <a 'java/lang/NoSuchMethodError'{0x0000000086ef5e70}: 'void java.lang.invoke.DelegatingMethodHandle$Holder.delegate(java.lang.Object, java.lang.Object, int, java.lang.Object)'> (0x0000000086ef5e70) thrown at [./src/hotspot/share/interpreter/linkResolver.cpp, line 773]
Event: 0.954 Thread 0x0000021a048f9800 Exception <a 'java/security/PrivilegedActionException'{0x0000000085adc038}> (0x0000000085adc038) thrown at [./src/hotspot/share/prims/jvm.cpp, line 1306]
Event: 0.954 Thread 0x0000021a048f9800 Exception <a 'java/security/PrivilegedActionException'{0x0000000085adc5b0}> (0x0000000085adc5b0) thrown at [./src/hotspot/share/prims/jvm.cpp, line 1306]
Event: 1.133 Thread 0x0000021a048f9800 Exception <a 'java/lang/NoSuchMethodError'{0x0000000084847128}: 'java.lang.Object java.lang.invoke.DirectMethodHandle$Holder.invokeStaticInit(java.lang.Object, java.lang.Object, java.lang.Object)'> (0x0000000084847128) thrown at [./src/hotspot/share/interpreter/linkResolver.cpp, line 773]
Event: 1.235 Thread 0x0000021a048f9800 Exception <a 'java/lang/NoSuchMethodError'{0x00000000842b0a80}: 'java.lang.Object java.lang.invoke.DirectMethodHandle$Holder.invokeStaticInit(java.lang.Object, int, int, int, int)'> (0x00000000842b0a80) thrown at [./src/hotspot/share/interpreter/linkResolver.cpp, line 773]
Event: 1.410 Thread 0x0000021a048f9800 Exception <a 'java/lang/NoSuchMethodError'{0x00000000842d0c08}: 'java.lang.Object java.lang.invoke.DirectMethodHandle$Holder.invokeStaticInit(java.lang.Object, java.lang.Object, int, int, int, int)'> (0x00000000842d0c08) thrown at [./src/hotspot/share/interpreter/linkResolver.cpp, line 773]
Event: 1.689 Thread 0x0000021a048f9800 Exception <a 'java/io/IOException'{0x0000000083f1b1f0}> (0x0000000083f1b1f0) thrown at [./src/hotspot/share/prims/jni.cpp, line 615]
Event: 1.779 Thread 0x0000021a219aa800 Exception <a 'java/lang/NoSuchMethodError'{0x00000000839ec548}: 'long java.lang.invoke.DirectMethodHandle$Holder.invokeInterface(java.lang.Object, java.lang.Object)'> (0x00000000839ec548) thrown at [./src/hotspot/share/interpreter/linkResolver.cpp, line 773]
Event: 1.780 Thread 0x0000021a219aa800 Exception <a 'java/lang/NoSuchMethodError'{0x00000000839f95e8}: 'void java.lang.invoke.DelegatingMethodHandle$Holder.reinvoke_L(java.lang.Object, java.lang.Object, java.lang.Object, java.lang.Object, java.lang.Object, java.lang.Object, java.lang.Object)'> (0x00000000839f95e8) thrown at [./src/hotspot/share/interpreter/linkResolver.cpp, line 773]
Event: 2.018 Thread 0x0000021a219aa800 Exception <a 'java/lang/NoSuchMethodError'{0x0000000086961000}: 'void java.lang.invoke.DirectMethodHandle$Holder.invokeStaticInit(java.lang.Object)'> (0x0000000086961000) thrown at [./src/hotspot/share/interpreter/linkResolver.cpp, line 773]
Event: 2.027 Thread 0x0000021a219aa800 Exception <a 'java/lang/NoSuchMethodError'{0x000000008680e310}: 'java.lang.Object java.lang.invoke.DirectMethodHandle$Holder.invokeStatic(java.lang.Object, java.lang.Object, java.lang.Object, int)'> (0x000000008680e310) thrown at [./src/hotspot/share/interpreter/linkResolver.cpp, line 773]
Event: 2.028 Thread 0x0000021a219aa800 Exception <a 'java/lang/NoSuchMethodError'{0x0000000086812a28}: 'java.lang.Object java.lang.invoke.DirectMethodHandle$Holder.invokeSpecial(java.lang.Object, java.lang.Object, java.lang.Object, java.lang.Object, int)'> (0x0000000086812a28) thrown at [./src/hotspot/share/interpreter/linkResolver.cpp, line 773]
Event: 2.028 Thread 0x0000021a219aa800 Exception <a 'java/lang/NoSuchMethodError'{0x0000000086816960}: 'java.lang.Object java.lang.invoke.Invokers$Holder.linkToTargetMethod(java.lang.Object, java.lang.Object, int, java.lang.Object)'> (0x0000000086816960) thrown at [./src/hotspot/share/interpreter/linkResolver.cpp, line 773]
Event: 2.148 Thread 0x0000021a219aa800 Exception <a 'java/lang/NoSuchMethodError'{0x0000000087ff02f8}: 'int java.lang.invoke.DirectMethodHandle$Holder.invokeSpecialIFC(java.lang.Object, java.lang.Object, java.lang.Object, java.lang.Object)'> (0x0000000087ff02f8) thrown at [./src/hotspot/share/interpreter/linkResolver.cpp, line 773]
Event: 2.150 Thread 0x0000021a219aa800 Exception <a 'java/lang/NoSuchMethodError'{0x0000000087ffe578}: 'java.lang.Object java.lang.invoke.DirectMethodHandle$Holder.invokeInterface(java.lang.Object, java.lang.Object, java.lang.Object)'> (0x0000000087ffe578) thrown at [./src/hotspot/share/interpreter/linkResolver.cpp, line 773]
Event: 2.150 Thread 0x0000021a219aa800 Exception <a 'java/lang/IncompatibleClassChangeError'{0x0000000087e01f10}: Found class java.lang.Object, but interface was expected> (0x0000000087e01f10) thrown at [./src/hotspot/share/interpreter/linkResolver.cpp, line 839]

Events (20 events):
Event: 2.198 loading class org/gradle/composite/internal/DefaultIncludedBuildRegistry
Event: 2.198 loading class org/gradle/composite/internal/DefaultIncludedBuildRegistry done
Event: 2.199 loading class org/gradle/api/artifacts/component/BuildIdentifier
Event: 2.199 loading class org/gradle/api/artifacts/component/BuildIdentifier done
Event: 2.200 loading class org/gradle/internal/buildtree/DeprecationsReporter
Event: 2.200 loading class org/gradle/internal/buildtree/DeprecationsReporter done
Event: 2.200 loading class org/gradle/configurationcache/problems/ConfigurationCacheReport$State$Idle
Event: 2.200 loading class org/gradle/configurationcache/problems/ConfigurationCacheReport$State$Idle done
Event: 2.201 loading class org/gradle/configurationcache/problems/ConfigurationCacheReport$State
Event: 2.201 loading class org/gradle/configurationcache/problems/ConfigurationCacheReport$State done
Event: 2.201 loading class kotlin/KotlinNothingValueException
Event: 2.201 loading class kotlin/KotlinNothingValueException done
Event: 2.202 loading class org/gradle/configurationcache/ConfigurationCacheKey$string$2
Event: 2.202 loading class org/gradle/configurationcache/ConfigurationCacheKey$string$2 done
Event: 2.202 loading class org/gradle/configurationcache/problems/ConfigurationCacheProblemsSummary
Event: 2.202 loading class org/gradle/configurationcache/problems/ConfigurationCacheProblemsSummary done
Event: 2.203 loading class org/gradle/configurationcache/problems/Summary
Event: 2.203 loading class org/gradle/configurationcache/problems/Summary done
Event: 2.204 loading class org/gradle/configurationcache/problems/Summary$Companion
Event: 2.204 loading class org/gradle/configurationcache/problems/Summary$Companion done


Dynamic libraries:
0x00007ff67eb90000 - 0x00007ff67eb9a000 	C:\Program Files\Android\Android Studio\jre\bin\java.exe
0x00007ffef3e50000 - 0x00007ffef4048000 	C:\Windows\SYSTEM32\ntdll.dll
0x00007ffef36f0000 - 0x00007ffef37ad000 	C:\Windows\System32\KERNEL32.DLL
0x00007ffef1500000 - 0x00007ffef17f6000 	C:\Windows\System32\KERNELBASE.dll
0x00007ffef1b10000 - 0x00007ffef1c10000 	C:\Windows\System32\ucrtbase.dll
0x00007ffeecf00000 - 0x00007ffeecf17000 	C:\Program Files\Android\Android Studio\jre\bin\VCRUNTIME140.dll
0x00007ffee2fe0000 - 0x00007ffee2ff9000 	C:\Program Files\Android\Android Studio\jre\bin\jli.dll
0x00007ffef37b0000 - 0x00007ffef394f000 	C:\Windows\System32\USER32.dll
0x00007ffee4f70000 - 0x00007ffee520a000 	C:\Windows\WinSxS\amd64_microsoft.windows.common-controls_6595b64144ccf1df_6.0.19041.4355_none_60b8b9eb71f62e16\COMCTL32.dll
0x00007ffef1920000 - 0x00007ffef1942000 	C:\Windows\System32\win32u.dll
0x00007ffef2b80000 - 0x00007ffef2c1e000 	C:\Windows\System32\msvcrt.dll
0x00007ffef3460000 - 0x00007ffef348b000 	C:\Windows\System32\GDI32.dll
0x00007ffef19f0000 - 0x00007ffef1b07000 	C:\Windows\System32\gdi32full.dll
0x00007ffef1950000 - 0x00007ffef19ed000 	C:\Windows\System32\msvcp_win.dll
0x00007ffef23c0000 - 0x00007ffef23f2000 	C:\Windows\System32\IMM32.DLL
0x00007ffed1200000 - 0x00007ffed129d000 	C:\Program Files\Android\Android Studio\jre\bin\msvcp140.dll
0x00007ffe7e280000 - 0x00007ffe7ed65000 	C:\Program Files\Android\Android Studio\jre\bin\server\jvm.dll
0x00007ffef3490000 - 0x00007ffef3540000 	C:\Windows\System32\ADVAPI32.dll
0x00007ffef3a20000 - 0x00007ffef3ac0000 	C:\Windows\System32\sechost.dll
0x00007ffef3c70000 - 0x00007ffef3d93000 	C:\Windows\System32\RPCRT4.dll
0x00007ffef1e50000 - 0x00007ffef1e77000 	C:\Windows\System32\bcrypt.dll
0x00007ffef3a10000 - 0x00007ffef3a18000 	C:\Windows\System32\PSAPI.DLL
0x00007ffedad10000 - 0x00007ffedad19000 	C:\Windows\SYSTEM32\WSOCK32.dll
0x00007ffee8060000 - 0x00007ffee8087000 	C:\Windows\SYSTEM32\WINMM.dll
0x00007ffef3da0000 - 0x00007ffef3e0b000 	C:\Windows\System32\WS2_32.dll
0x00007ffeeae90000 - 0x00007ffeeae9a000 	C:\Windows\SYSTEM32\VERSION.dll
0x00007ffeef3a0000 - 0x00007ffeef3b2000 	C:\Windows\SYSTEM32\kernel.appcore.dll
0x00007ffea5480000 - 0x00007ffea5491000 	C:\Program Files\Android\Android Studio\jre\bin\verify.dll
0x00007ffee5d00000 - 0x00007ffee5ee4000 	C:\Windows\SYSTEM32\DBGHELP.DLL
0x00007ffece720000 - 0x00007ffece754000 	C:\Windows\SYSTEM32\dbgcore.DLL
0x00007ffef1dc0000 - 0x00007ffef1e42000 	C:\Windows\System32\bcryptPrimitives.dll
0x00007ffe7f840000 - 0x00007ffe7f869000 	C:\Program Files\Android\Android Studio\jre\bin\java.dll
0x00007ffec1520000 - 0x00007ffec152b000 	C:\Program Files\Android\Android Studio\jre\bin\jimage.dll
0x00007ffe7f820000 - 0x00007ffe7f838000 	C:\Program Files\Android\Android Studio\jre\bin\zip.dll
0x00007ffef2400000 - 0x00007ffef2b6b000 	C:\Windows\System32\SHELL32.dll
0x00007ffeef5a0000 - 0x00007ffeefd3d000 	C:\Windows\SYSTEM32\windows.storage.dll
0x00007ffef3100000 - 0x00007ffef3453000 	C:\Windows\System32\combase.dll
0x00007ffef0f20000 - 0x00007ffef0f4e000 	C:\Windows\SYSTEM32\Wldp.dll
0x00007ffef3620000 - 0x00007ffef36ed000 	C:\Windows\System32\OLEAUT32.dll
0x00007ffef2310000 - 0x00007ffef23bd000 	C:\Windows\System32\SHCORE.dll
0x00007ffef39b0000 - 0x00007ffef3a05000 	C:\Windows\System32\shlwapi.dll
0x00007ffef1430000 - 0x00007ffef1454000 	C:\Windows\SYSTEM32\profapi.dll
0x00007ffe7f800000 - 0x00007ffe7f81a000 	C:\Program Files\Android\Android Studio\jre\bin\net.dll
0x00007ffeeaf70000 - 0x00007ffeeb07a000 	C:\Windows\SYSTEM32\WINHTTP.dll
0x00007ffef0c80000 - 0x00007ffef0cea000 	C:\Windows\system32\mswsock.dll
0x00007ffe7f7e0000 - 0x00007ffe7f7f4000 	C:\Program Files\Android\Android Studio\jre\bin\nio.dll
0x00007ffed2d40000 - 0x00007ffed2d67000 	C:\Users\NanoNoa\.gradle\native\e1d6ef7f7dcc3fd88c89a11ec53ec762bb8ba0a96d01ffa2cd45eb1d1d8dd5c5\windows-amd64\native-platform.dll
0x00007ffed09e0000 - 0x00007ffed0b24000 	C:\Users\NanoNoa\.gradle\native\5664cfc778a61ccfe75a443a1ab52a65af34e5dc3c78e0209fed803814484fcb\windows-amd64\native-platform-file-events.dll
0x00007ffeb2dc0000 - 0x00007ffeb2dca000 	C:\Program Files\Android\Android Studio\jre\bin\management.dll
0x00007ffea5e40000 - 0x00007ffea5e4d000 	C:\Program Files\Android\Android Studio\jre\bin\management_ext.dll
0x00007ffef0e80000 - 0x00007ffef0e98000 	C:\Windows\SYSTEM32\CRYPTSP.dll
0x00007ffef0530000 - 0x00007ffef0564000 	C:\Windows\system32\rsaenh.dll
0x00007ffef13a0000 - 0x00007ffef13ce000 	C:\Windows\SYSTEM32\USERENV.dll
0x00007ffef0e70000 - 0x00007ffef0e7c000 	C:\Windows\SYSTEM32\CRYPTBASE.dll
0x00007ffef0910000 - 0x00007ffef094b000 	C:\Windows\SYSTEM32\IPHLPAPI.DLL
0x00007ffef2c80000 - 0x00007ffef2c88000 	C:\Windows\System32\NSI.dll
0x00007ffeeb4f0000 - 0x00007ffeeb507000 	C:\Windows\SYSTEM32\dhcpcsvc6.DLL
0x00007ffeeb840000 - 0x00007ffeeb85d000 	C:\Windows\SYSTEM32\dhcpcsvc.DLL
0x00007ffef0960000 - 0x00007ffef0a2b000 	C:\Windows\SYSTEM32\DNSAPI.dll

dbghelp: loaded successfully - version: 4.0.5 - missing functions: none
symbol engine: initialized successfully - sym options: 0x614 - pdb path: .;C:\Program Files\Android\Android Studio\jre\bin;C:\Windows\SYSTEM32;C:\Windows\WinSxS\amd64_microsoft.windows.common-controls_6595b64144ccf1df_6.0.19041.4355_none_60b8b9eb71f62e16;C:\Program Files\Android\Android Studio\jre\bin\server;C:\Users\NanoNoa\.gradle\native\e1d6ef7f7dcc3fd88c89a11ec53ec762bb8ba0a96d01ffa2cd45eb1d1d8dd5c5\windows-amd64;C:\Users\NanoNoa\.gradle\native\5664cfc778a61ccfe75a443a1ab52a65af34e5dc3c78e0209fed803814484fcb\windows-amd64

VM Arguments:
jvm_args: --add-opens=java.base/java.util=ALL-UNNAMED --add-opens=java.base/java.lang=ALL-UNNAMED --add-opens=java.base/java.lang.invoke=ALL-UNNAMED --add-opens=java.base/java.util=ALL-UNNAMED --add-opens=java.prefs/java.util.prefs=ALL-UNNAMED --add-opens=java.prefs/java.util.prefs=ALL-UNNAMED --add-opens=java.base/java.nio.charset=ALL-UNNAMED --add-opens=java.base/java.net=ALL-UNNAMED --add-opens=java.base/java.util.concurrent.atomic=ALL-UNNAMED -Xmx2048m -Dfile.encoding=UTF-8 -Duser.country=US -Duser.language=en -Duser.variant 
java_command: org.gradle.launcher.daemon.bootstrap.GradleDaemon 7.3.3
java_class_path (initial): C:\Users\NanoNoa\.gradle\wrapper\dists\gradle-7.3.3-bin\6a41zxkdtcxs8rphpq6y0069z\gradle-7.3.3\lib\gradle-launcher-7.3.3.jar
Launcher Type: SUN_STANDARD

[Global flags]
     intx CICompilerCount                          = 4                                         {product} {ergonomic}
     uint ConcGCThreads                            = 3                                         {product} {ergonomic}
     uint G1ConcRefinementThreads                  = 10                                        {product} {ergonomic}
   size_t G1HeapRegionSize                         = 1048576                                   {product} {ergonomic}
    uintx GCDrainStackTargetSize                   = 64                                        {product} {ergonomic}
   size_t InitialHeapSize                          = 134217728                                 {product} {ergonomic}
   size_t MarkStackSize                            = 4194304                                   {product} {ergonomic}
   size_t MaxHeapSize                              = 2147483648                                {product} {command line}
   size_t MaxNewSize                               = 1287651328                                {product} {ergonomic}
   size_t MinHeapDeltaBytes                        = 1048576                                   {product} {ergonomic}
    uintx NonNMethodCodeHeapSize                   = 5836300                                {pd product} {ergonomic}
    uintx NonProfiledCodeHeapSize                  = 122910970                              {pd product} {ergonomic}
    uintx ProfiledCodeHeapSize                     = 122910970                              {pd product} {ergonomic}
    uintx ReservedCodeCacheSize                    = 251658240                              {pd product} {ergonomic}
     bool SegmentedCodeCache                       = true                                      {product} {ergonomic}
     bool UseCompressedClassPointers               = true                                 {lp64_product} {ergonomic}
     bool UseCompressedOops                        = true                                 {lp64_product} {ergonomic}
     bool UseG1GC                                  = true                                      {product} {ergonomic}
     bool UseLargePagesIndividualAllocation        = false                                  {pd product} {ergonomic}

Logging:
Log output configuration:
 #0: stdout all=warning uptime,level,tags
 #1: stderr all=off uptime,level,tags

Environment Variables:
PATH=C:\Program Files (x86)\Common Files\Intel\Shared Files\cpp\bin\Intel64;C:\Program Files (x86)\Common Files\Intel\Shared Files\cpp\bin\Intel64;%C_EM64T_REDIST11%bin\Intel64;C:\Windows\System32;C:\Users\NanoNoa\flutter\bin;C:\Windows\System32;C:\Windows\System32\WindowsPowerShell\v1.0;C:\Windows\System32\wbem;C:\Windows;C:\Program Files (x86)\Microsoft Visual Studio\2022\BuildTools\VC\Tools\MSVC\14.37.32822\bin\Hostx86\x86;C:\xampp\php;C:\ProgramData\ComposerSetup\bin;C:\Program Files\Git\cmd;C:\Users\NanoNoa\flutter\bin;C:\Windows\System32;C:\Windows\System32\WindowsPowerShell\v1.0;C:\Windows\System32\wbem;C:\Windows;C:\Program Files (x86)\Microsoft Visual Studio\2022\BuildTools\VC\Tools\MSVC\14.37.32822\bin\Hostx86\x86;C:\xampp\php;C:\ProgramData\ComposerSetup\bin;C:\Program Files\Git\cmd;C:\Users\NanoNoa\flutter\bin;C:\Windows\System32;C:\Windows\System32\WindowsPowerShell\v1.0;C:\Windows\System32\wbem;C:\Windows;C:\Program Files (x86)\Microsoft Visual Studio\2022\BuildTools\VC\Tools\MSVC\14.37.32822\bin\Hostx86\x86;C:\xampp\php;C:\ProgramData\ComposerSetup\bin;C:\Program Files\Git\cmd;C:\Users\NanoNoa\AppData\Local\Programs\Python\Python311\Scripts\;C:\Users\NanoNoa\AppData\Local\Programs\Python\Python311\;C:\Users\NanoNoa\AppData\Local\Microsoft\WindowsApps;C:\Users\NanoNoa\flutter\bin;C:\ProgramData\Anaconda3\Library\bin\conda.bat;C:\ProgramData\Anaconda3\Scripts\conda.exe;C:\ProgramData\Anaconda3\condabin\conda.bat;C:\Program Files\JetBrains\PyCharm Community Edition 2023.2.1\bin;;C:\Users\NanoNoa\AppData\Local\Programs\Microsoft VS Code\bin;C:\Users\NanoNoa\AppData\Roaming\Composer\vendor\bin
USERNAME=NanoNoa
OS=Windows_NT
PROCESSOR_IDENTIFIER=AMD64 Family 23 Model 1 Stepping 1, AuthenticAMD



---------------  S Y S T E M  ---------------

OS: Windows 10 , 64 bit Build 19041 (10.0.19041.3636)
OS uptime: 0 days 3:37 hours

CPU:total 12 (initial active 12) (12 cores per cpu, 2 threads per core) family 23 model 1 stepping 1 microcode 0x0, cmov, cx8, fxsr, mmx, sse, sse2, sse3, ssse3, sse4.1, sse4.2, popcnt, avx, avx2, aes, clmul, mmxext, 3dnowpref, lzcnt, sse4a, ht, tsc, tscinvbit, tscinv, bmi1, bmi2, adx, sha, fma

Memory: 4k page, system-wide physical 8144M (1526M free)
TotalPageFile size 8862M (AvailPageFile size 5M)
current process WorkingSet (physical memory assigned to process): 197M, peak: 197M
current process commit charge ("private bytes"): 267M, peak: 268M

vm_info: OpenJDK 64-Bit Server VM (11.0.12+7-b1504.28-7817840) for windows-amd64 JRE (11.0.12+7-b1504.28-7817840), built on Oct 13 2021 22:12:33 by "builder" with MS VC++ 14.0 (VS2015)

END.
