#
# There is insufficient memory for the Java Runtime Environment to continue.
# Native memory allocation (malloc) failed to allocate 649680 bytes for Chunk::new
# Possible reasons:
#   The system is out of physical RAM or swap space
#   The process is running with CompressedOops enabled, and the Java Heap may be blocking the growth of the native heap
# Possible solutions:
#   Reduce memory load on the system
#   Increase physical memory or swap space
#   Check if swap backing store is full
#   Decrease Java heap size (-Xmx/-Xms)
#   Decrease number of Java threads
#   Decrease Java thread stack sizes (-Xss)
#   Set larger code cache with -XX:ReservedCodeCacheSize=
#   JVM is running with Unscaled Compressed Oops mode in which the Java heap is
#     placed in the first 4GB address space. The Java Heap base address is the
#     maximum limit for the native heap growth. Please use -XX:HeapBaseMinAddress
#     to set the Java Heap base and to place the Java Heap above 4GB virtual address.
# This output file may be truncated or incomplete.
#
#  Out of Memory Error (./src/hotspot/share/memory/arena.cpp:197), pid=13620, tid=9128
#
# JRE version: OpenJDK Runtime Environment (11.0.12+7) (build 11.0.12+7-b1504.28-7817840)
# Java VM: OpenJDK 64-Bit Server VM (11.0.12+7-b1504.28-7817840, mixed mode, tiered, compressed oops, g1 gc, windows-amd64)
# No core dump will be written. Minidumps are not enabled by default on client versions of Windows
#

---------------  S U M M A R Y ------------

Command Line: --add-opens=java.base/java.util=ALL-UNNAMED --add-opens=java.base/java.lang=ALL-UNNAMED --add-opens=java.base/java.lang.invoke=ALL-UNNAMED --add-opens=java.base/java.util=ALL-UNNAMED --add-opens=java.prefs/java.util.prefs=ALL-UNNAMED --add-opens=java.prefs/java.util.prefs=ALL-UNNAMED --add-opens=java.base/java.nio.charset=ALL-UNNAMED --add-opens=java.base/java.net=ALL-UNNAMED --add-opens=java.base/java.util.concurrent.atomic=ALL-UNNAMED -Xmx2048m -Dfile.encoding=UTF-8 -Duser.country=US -Duser.language=en -Duser.variant org.gradle.launcher.daemon.bootstrap.GradleDaemon 7.3.3

Host: AMD Ryzen 5 1600 Six-Core Processor            , 12 cores, 7G,  Windows 10 , 64 bit Build 19041 (10.0.19041.3636)
Time: Fri Jun 28 07:26:04 2024 SE Asia Standard Time elapsed time: 28.660969 seconds (0d 0h 0m 28s)

---------------  T H R E A D  ---------------

Current thread (0x000001d05d3c3800):  JavaThread "C2 CompilerThread2" daemon [_thread_in_native, id=9128, stack(0x0000007c62200000,0x0000007c62300000)]


Current CompileTask:
C2:  28661 11723       4       org.gradle.api.internal.artifacts.transform.ConsumerProvidedVariantFinder::matchAttributes (68 bytes)

Stack: [0x0000007c62200000,0x0000007c62300000]
Native frames: (J=compiled Java code, j=interpreted, Vv=VM code, C=native code)
V  [jvm.dll+0x5fbcea]
V  [jvm.dll+0x731905]
V  [jvm.dll+0x732f1d]
V  [jvm.dll+0x7335d3]
V  [jvm.dll+0x247bf8]
V  [jvm.dll+0xc018c]
V  [jvm.dll+0xc06cc]
V  [jvm.dll+0x1ffe21]
V  [jvm.dll+0x592ec5]
V  [jvm.dll+0x591c6e]
V  [jvm.dll+0x2004a2]
V  [jvm.dll+0x1ff794]
V  [jvm.dll+0x18868c]
V  [jvm.dll+0x20e0d7]
V  [jvm.dll+0x20c901]
V  [jvm.dll+0x6f9b7f]
V  [jvm.dll+0x6f26a5]
V  [jvm.dll+0x5fabf6]
C  [ucrtbase.dll+0x21bb2]
C  [KERNEL32.DLL+0x17344]
C  [ntdll.dll+0x4cc91]


---------------  P R O C E S S  ---------------

Threads class SMR info:
_java_thread_list=0x000001d0568470e0, length=187, elements={
0x000001d038aeb800, 0x000001d0533b2000, 0x000001d0533bf800, 0x000001d053d25800,
0x000001d053d27000, 0x000001d053d29000, 0x000001d053d2a000, 0x000001d053d2e800,
0x000001d053d2f800, 0x000001d053e95800, 0x000001d055829000, 0x000001d0540dd800,
0x000001d054d20000, 0x000001d056138800, 0x000001d05649a800, 0x000001d0550bc800,
0x000001d0551c3800, 0x000001d05573b000, 0x000001d054997000, 0x000001d056079800,
0x000001d056078800, 0x000001d056075800, 0x000001d05607a000, 0x000001d05607c000,
0x000001d05607b000, 0x000001d056076000, 0x000001d056077000, 0x000001d056078000,
0x000001d0566ad000, 0x000001d0566b2000, 0x000001d0566af800, 0x000001d0566b1000,
0x000001d0566b3000, 0x000001d0566ae000, 0x000001d0566b4800, 0x000001d0566af000,
0x000001d0566b9800, 0x000001d0566b8800, 0x000001d0566ba000, 0x000001d0566b7000,
0x000001d0566bb000, 0x000001d0566b5800, 0x000001d0566b7800, 0x000001d0566bc000,
0x000001d0566b6000, 0x000001d059631000, 0x000001d05962f800, 0x000001d059633800,
0x000001d059632000, 0x000001d059630800, 0x000001d059633000, 0x000001d05962e000,
0x000001d05962f000, 0x000001d059635800, 0x000001d059638800, 0x000001d059634800,
0x000001d059637000, 0x000001d05963b000, 0x000001d05963a000, 0x000001d059636000,
0x000001d05963c000, 0x000001d05963c800, 0x000001d059639800, 0x000001d059638000,
0x000001d059e8a800, 0x000001d059e8b800, 0x000001d059e8c800, 0x000001d059e89000,
0x000001d059e88800, 0x000001d059e8d000, 0x000001d059e8e000, 0x000001d059e8f000,
0x000001d059e8f800, 0x000001d059e8a000, 0x000001d059e91800, 0x000001d059e90800,
0x000001d059e92000, 0x000001d059e93800, 0x000001d059e93000, 0x000001d059e94800,
0x000001d059e95800, 0x000001d059e96000, 0x000001d059e97000, 0x000001d054fa7800,
0x000001d054fa9000, 0x000001d054fa4000, 0x000001d054fab000, 0x000001d054fa5000,
0x000001d054fa6000, 0x000001d054faa000, 0x000001d054fab800, 0x000001d054fa8800,
0x000001d054fac800, 0x000001d054fa6800, 0x000001d054faf800, 0x000001d054fb0800,
0x000001d054fb1800, 0x000001d054fb3000, 0x000001d054fad000, 0x000001d054fae000,
0x000001d054faf000, 0x000001d054fb2000, 0x000001d0569d0800, 0x000001d0569d1800,
0x000001d0569d2000, 0x000001d0569d3000, 0x000001d0569d3800, 0x000001d0569d4800,
0x000001d0569cf000, 0x000001d0569d5800, 0x000001d0569cf800, 0x000001d0569dc000,
0x000001d0569d8800, 0x000001d0569d8000, 0x000001d0569d7000, 0x000001d0569db000,
0x000001d0569d6000, 0x000001d0569dc800, 0x000001d0569dd800, 0x000001d0569d9800,
0x000001d0569da800, 0x000001d0542f2000, 0x000001d0542ee800, 0x000001d0542f3800,
0x000001d0542f3000, 0x000001d0542f4800, 0x000001d0542f0800, 0x000001d0542f5000,
0x000001d0542ef800, 0x000001d0542f6000, 0x000001d0542f1000, 0x000001d0542f7000,
0x000001d0542f9800, 0x000001d0542fa000, 0x000001d0542fb000, 0x000001d0542f7800,
0x000001d0542fb800, 0x000001d0542f8800, 0x000001d0542fc800, 0x000001d0542fd800,
0x000001d056238800, 0x000001d056239000, 0x000001d05623c800, 0x000001d056236800,
0x000001d05623a000, 0x000001d05623b800, 0x000001d056237800, 0x000001d05623e000,
0x000001d05623f000, 0x000001d05623f800, 0x000001d05623d000, 0x000001d056240800,
0x000001d05623a800, 0x000001d056244800, 0x000001d056241800, 0x000001d056242000,
0x000001d056243000, 0x000001d056243800, 0x000001d056245800, 0x000001d05b2a6800,
0x000001d05b2a4000, 0x000001d05b2a5800, 0x000001d05b2a7800, 0x000001d05b2a8000,
0x000001d05b2a5000, 0x000001d05b2a9000, 0x000001d05b2af800, 0x000001d05b2ab800,
0x000001d05b2ae800, 0x000001d05b2aa000, 0x000001d05b2b0800, 0x000001d05b2ac800,
0x000001d05b2ad000, 0x000001d05b2aa800, 0x000001d05b2b1000, 0x000001d05b2b2000,
0x000001d05b2ae000, 0x000001d060422000, 0x000001d060424000, 0x000001d060422800,
0x000001d060420000, 0x000001d060421000, 0x000001d060425000, 0x000001d060423800,
0x000001d05dd5c800, 0x000001d05d3c3800, 0x000001d06041f800
}

Java Threads: ( => current thread )
  0x000001d038aeb800 JavaThread "main" [_thread_blocked, id=8612, stack(0x0000007c55600000,0x0000007c55700000)]
  0x000001d0533b2000 JavaThread "Reference Handler" daemon [_thread_blocked, id=6584, stack(0x0000007c55d00000,0x0000007c55e00000)]
  0x000001d0533bf800 JavaThread "Finalizer" daemon [_thread_blocked, id=13792, stack(0x0000007c55e00000,0x0000007c55f00000)]
  0x000001d053d25800 JavaThread "Signal Dispatcher" daemon [_thread_blocked, id=2100, stack(0x0000007c55f00000,0x0000007c56000000)]
  0x000001d053d27000 JavaThread "Attach Listener" daemon [_thread_blocked, id=1928, stack(0x0000007c56000000,0x0000007c56100000)]
  0x000001d053d29000 JavaThread "Service Thread" daemon [_thread_blocked, id=2456, stack(0x0000007c56100000,0x0000007c56200000)]
  0x000001d053d2a000 JavaThread "C2 CompilerThread0" daemon [_thread_in_vm, id=2808, stack(0x0000007c56200000,0x0000007c56300000)]
  0x000001d053d2e800 JavaThread "C1 CompilerThread0" daemon [_thread_in_native, id=5700, stack(0x0000007c56300000,0x0000007c56400000)]
  0x000001d053d2f800 JavaThread "Sweeper thread" daemon [_thread_blocked, id=596, stack(0x0000007c56400000,0x0000007c56500000)]
  0x000001d053e95800 JavaThread "Common-Cleaner" daemon [_thread_blocked, id=2628, stack(0x0000007c56500000,0x0000007c56600000)]
  0x000001d055829000 JavaThread "Daemon health stats" [_thread_blocked, id=12836, stack(0x0000007c56b00000,0x0000007c56c00000)]
  0x000001d0540dd800 JavaThread "Incoming local TCP Connector on port 56217" [_thread_in_native, id=13660, stack(0x0000007c56700000,0x0000007c56800000)]
  0x000001d054d20000 JavaThread "Daemon periodic checks" [_thread_blocked, id=5948, stack(0x0000007c56a00000,0x0000007c56b00000)]
  0x000001d056138800 JavaThread "Daemon" [_thread_blocked, id=13844, stack(0x0000007c56c00000,0x0000007c56d00000)]
  0x000001d05649a800 JavaThread "Handler for socket connection from /127.0.0.1:56217 to /127.0.0.1:56218" [_thread_in_native, id=14300, stack(0x0000007c56d00000,0x0000007c56e00000)]
  0x000001d0550bc800 JavaThread "Cancel handler" [_thread_blocked, id=12840, stack(0x0000007c56e00000,0x0000007c56f00000)]
  0x000001d0551c3800 JavaThread "Daemon worker" [_thread_blocked, id=13036, stack(0x0000007c56f00000,0x0000007c57000000)]
  0x000001d05573b000 JavaThread "Asynchronous log dispatcher for DefaultDaemonConnection: socket connection from /127.0.0.1:56217 to /127.0.0.1:56218" [_thread_blocked, id=14176, stack(0x0000007c57000000,0x0000007c57100000)]
  0x000001d054997000 JavaThread "Stdin handler" [_thread_blocked, id=11380, stack(0x0000007c57100000,0x0000007c57200000)]
  0x000001d056079800 JavaThread "Daemon client event forwarder" [_thread_blocked, id=9732, stack(0x0000007c57200000,0x0000007c57300000)]
  0x000001d056078800 JavaThread "Cache worker for journal cache (C:\Users\NanoNoa\.gradle\caches\journal-1)" [_thread_blocked, id=6312, stack(0x0000007c57a00000,0x0000007c57b00000)]
  0x000001d056075800 JavaThread "File lock request listener" [_thread_in_native, id=13892, stack(0x0000007c57b00000,0x0000007c57c00000)]
  0x000001d05607a000 JavaThread "Cache worker for file hash cache (C:\Users\NanoNoa\.gradle\caches\7.3.3\fileHashes)" [_thread_blocked, id=9964, stack(0x0000007c57c00000,0x0000007c57d00000)]
  0x000001d05607c000 JavaThread "Cache worker for file hash cache (C:\Users\NanoNoa\AndroidStudioProjects\SmartParkFlow\.gradle\7.3.3\fileHashes)" [_thread_blocked, id=3172, stack(0x0000007c57f00000,0x0000007c58000000)]
  0x000001d05607b000 JavaThread "File watcher server" daemon [_thread_in_native, id=4060, stack(0x0000007c58100000,0x0000007c58200000)]
  0x000001d056076000 JavaThread "File watcher consumer" daemon [_thread_blocked, id=14156, stack(0x0000007c58200000,0x0000007c58300000)]
  0x000001d056077000 JavaThread "Cache worker for checksums cache (C:\Users\NanoNoa\AndroidStudioProjects\SmartParkFlow\.gradle\7.3.3\checksums)" [_thread_blocked, id=7548, stack(0x0000007c58300000,0x0000007c58400000)]
  0x000001d056078000 JavaThread "Cache worker for cache directory md-supplier (C:\Users\NanoNoa\.gradle\caches\7.3.3\md-supplier)" [_thread_blocked, id=12224, stack(0x0000007c58400000,0x0000007c58500000)]
  0x000001d0566ad000 JavaThread "Cache worker for cache directory md-rule (C:\Users\NanoNoa\.gradle\caches\7.3.3\md-rule)" [_thread_blocked, id=8508, stack(0x0000007c58500000,0x0000007c58600000)]
  0x000001d0566b2000 JavaThread "Cache worker for execution history cache (C:\Users\NanoNoa\.gradle\caches\7.3.3\executionHistory)" [_thread_blocked, id=1128, stack(0x0000007c58600000,0x0000007c58700000)]
  0x000001d0566af800 JavaThread "jar transforms" [_thread_blocked, id=11424, stack(0x0000007c58800000,0x0000007c58900000)]
  0x000001d0566b1000 JavaThread "Cache worker for file content cache (C:\Users\NanoNoa\.gradle\caches\7.3.3\fileContent)" [_thread_blocked, id=2112, stack(0x0000007c58900000,0x0000007c58a00000)]
  0x000001d0566b3000 JavaThread "jar transforms Thread 2" [_thread_blocked, id=11664, stack(0x0000007c58a00000,0x0000007c58b00000)]
  0x000001d0566ae000 JavaThread "Cache worker for dependencies-accessors (C:\Users\NanoNoa\AndroidStudioProjects\SmartParkFlow\.gradle\7.3.3\dependencies-accessors)" [_thread_blocked, id=14288, stack(0x0000007c58b00000,0x0000007c58c00000)]
  0x000001d0566b4800 JavaThread "jar transforms Thread 3" [_thread_blocked, id=11020, stack(0x0000007c58c00000,0x0000007c58d00000)]
  0x000001d0566af000 JavaThread "Cache worker for Build Output Cleanup Cache (C:\Users\NanoNoa\AndroidStudioProjects\SmartParkFlow\.gradle\buildOutputCleanup)" [_thread_blocked, id=12264, stack(0x0000007c58d00000,0x0000007c58e00000)]
  0x000001d0566b9800 JavaThread "Unconstrained build operations" [_thread_blocked, id=7928, stack(0x0000007c58e00000,0x0000007c58f00000)]
  0x000001d0566b8800 JavaThread "Unconstrained build operations Thread 2" [_thread_blocked, id=14252, stack(0x0000007c58f00000,0x0000007c59000000)]
  0x000001d0566ba000 JavaThread "Unconstrained build operations Thread 3" [_thread_blocked, id=13452, stack(0x0000007c59000000,0x0000007c59100000)]
  0x000001d0566b7000 JavaThread "Unconstrained build operations Thread 4" [_thread_blocked, id=13384, stack(0x0000007c59100000,0x0000007c59200000)]
  0x000001d0566bb000 JavaThread "Unconstrained build operations Thread 5" [_thread_blocked, id=13088, stack(0x0000007c59200000,0x0000007c59300000)]
  0x000001d0566b5800 JavaThread "Unconstrained build operations Thread 6" [_thread_blocked, id=10740, stack(0x0000007c59300000,0x0000007c59400000)]
  0x000001d0566b7800 JavaThread "Unconstrained build operations Thread 7" [_thread_blocked, id=12608, stack(0x0000007c59400000,0x0000007c59500000)]
  0x000001d0566bc000 JavaThread "Unconstrained build operations Thread 8" [_thread_blocked, id=5896, stack(0x0000007c59500000,0x0000007c59600000)]
  0x000001d0566b6000 JavaThread "Unconstrained build operations Thread 9" [_thread_blocked, id=5340, stack(0x0000007c59600000,0x0000007c59700000)]
  0x000001d059631000 JavaThread "Unconstrained build operations Thread 10" [_thread_blocked, id=5052, stack(0x0000007c59700000,0x0000007c59800000)]
  0x000001d05962f800 JavaThread "Unconstrained build operations Thread 11" [_thread_blocked, id=10924, stack(0x0000007c59800000,0x0000007c59900000)]
  0x000001d059633800 JavaThread "Unconstrained build operations Thread 12" [_thread_blocked, id=7028, stack(0x0000007c59900000,0x0000007c59a00000)]
  0x000001d059632000 JavaThread "Unconstrained build operations Thread 13" [_thread_blocked, id=13592, stack(0x0000007c59a00000,0x0000007c59b00000)]
  0x000001d059630800 JavaThread "Unconstrained build operations Thread 14" [_thread_blocked, id=10176, stack(0x0000007c59b00000,0x0000007c59c00000)]
  0x000001d059633000 JavaThread "Unconstrained build operations Thread 15" [_thread_blocked, id=156, stack(0x0000007c59c00000,0x0000007c59d00000)]
  0x000001d05962e000 JavaThread "Unconstrained build operations Thread 16" [_thread_blocked, id=4660, stack(0x0000007c59d00000,0x0000007c59e00000)]
  0x000001d05962f000 JavaThread "Unconstrained build operations Thread 17" [_thread_blocked, id=268, stack(0x0000007c59e00000,0x0000007c59f00000)]
  0x000001d059635800 JavaThread "Unconstrained build operations Thread 18" [_thread_blocked, id=9960, stack(0x0000007c59f00000,0x0000007c5a000000)]
  0x000001d059638800 JavaThread "Unconstrained build operations Thread 19" [_thread_blocked, id=7904, stack(0x0000007c5a000000,0x0000007c5a100000)]
  0x000001d059634800 JavaThread "Unconstrained build operations Thread 20" [_thread_blocked, id=8532, stack(0x0000007c5a100000,0x0000007c5a200000)]
  0x000001d059637000 JavaThread "Unconstrained build operations Thread 21" [_thread_blocked, id=8292, stack(0x0000007c5a200000,0x0000007c5a300000)]
  0x000001d05963b000 JavaThread "Unconstrained build operations Thread 22" [_thread_blocked, id=11604, stack(0x0000007c5a300000,0x0000007c5a400000)]
  0x000001d05963a000 JavaThread "Unconstrained build operations Thread 23" [_thread_blocked, id=4556, stack(0x0000007c5a400000,0x0000007c5a500000)]
  0x000001d059636000 JavaThread "Unconstrained build operations Thread 24" [_thread_blocked, id=11540, stack(0x0000007c5a500000,0x0000007c5a600000)]
  0x000001d05963c000 JavaThread "Unconstrained build operations Thread 25" [_thread_blocked, id=12428, stack(0x0000007c5a600000,0x0000007c5a700000)]
  0x000001d05963c800 JavaThread "Unconstrained build operations Thread 26" [_thread_blocked, id=5580, stack(0x0000007c5a700000,0x0000007c5a800000)]
  0x000001d059639800 JavaThread "Unconstrained build operations Thread 27" [_thread_blocked, id=1580, stack(0x0000007c5a800000,0x0000007c5a900000)]
  0x000001d059638000 JavaThread "Unconstrained build operations Thread 28" [_thread_blocked, id=6912, stack(0x0000007c5a900000,0x0000007c5aa00000)]
  0x000001d059e8a800 JavaThread "Unconstrained build operations Thread 29" [_thread_blocked, id=13420, stack(0x0000007c5aa00000,0x0000007c5ab00000)]
  0x000001d059e8b800 JavaThread "Unconstrained build operations Thread 30" [_thread_blocked, id=8800, stack(0x0000007c5ab00000,0x0000007c5ac00000)]
  0x000001d059e8c800 JavaThread "Unconstrained build operations Thread 31" [_thread_blocked, id=13380, stack(0x0000007c5ac00000,0x0000007c5ad00000)]
  0x000001d059e89000 JavaThread "Unconstrained build operations Thread 32" [_thread_blocked, id=12500, stack(0x0000007c5ad00000,0x0000007c5ae00000)]
  0x000001d059e88800 JavaThread "Unconstrained build operations Thread 33" [_thread_blocked, id=12112, stack(0x0000007c5ae00000,0x0000007c5af00000)]
  0x000001d059e8d000 JavaThread "Unconstrained build operations Thread 34" [_thread_blocked, id=6224, stack(0x0000007c5af00000,0x0000007c5b000000)]
  0x000001d059e8e000 JavaThread "Unconstrained build operations Thread 35" [_thread_blocked, id=10172, stack(0x0000007c5b000000,0x0000007c5b100000)]
  0x000001d059e8f000 JavaThread "Unconstrained build operations Thread 36" [_thread_blocked, id=10200, stack(0x0000007c5b100000,0x0000007c5b200000)]
  0x000001d059e8f800 JavaThread "Unconstrained build operations Thread 37" [_thread_blocked, id=13052, stack(0x0000007c5b200000,0x0000007c5b300000)]
  0x000001d059e8a000 JavaThread "Unconstrained build operations Thread 38" [_thread_blocked, id=9340, stack(0x0000007c5b300000,0x0000007c5b400000)]
  0x000001d059e91800 JavaThread "Unconstrained build operations Thread 39" [_thread_blocked, id=11876, stack(0x0000007c5b400000,0x0000007c5b500000)]
  0x000001d059e90800 JavaThread "Unconstrained build operations Thread 40" [_thread_blocked, id=12512, stack(0x0000007c5b500000,0x0000007c5b600000)]
  0x000001d059e92000 JavaThread "Unconstrained build operations Thread 41" [_thread_blocked, id=11492, stack(0x0000007c5b600000,0x0000007c5b700000)]
  0x000001d059e93800 JavaThread "Unconstrained build operations Thread 42" [_thread_blocked, id=2940, stack(0x0000007c5b700000,0x0000007c5b800000)]
  0x000001d059e93000 JavaThread "Unconstrained build operations Thread 43" [_thread_blocked, id=1104, stack(0x0000007c5b800000,0x0000007c5b900000)]
  0x000001d059e94800 JavaThread "Unconstrained build operations Thread 44" [_thread_blocked, id=13800, stack(0x0000007c5b900000,0x0000007c5ba00000)]
  0x000001d059e95800 JavaThread "Unconstrained build operations Thread 45" [_thread_blocked, id=14108, stack(0x0000007c5ba00000,0x0000007c5bb00000)]
  0x000001d059e96000 JavaThread "Unconstrained build operations Thread 46" [_thread_blocked, id=13288, stack(0x0000007c5bb00000,0x0000007c5bc00000)]
  0x000001d059e97000 JavaThread "Unconstrained build operations Thread 47" [_thread_blocked, id=11812, stack(0x0000007c5bc00000,0x0000007c5bd00000)]
  0x000001d054fa7800 JavaThread "Unconstrained build operations Thread 48" [_thread_blocked, id=9788, stack(0x0000007c5bd00000,0x0000007c5be00000)]
  0x000001d054fa9000 JavaThread "Unconstrained build operations Thread 49" [_thread_blocked, id=13372, stack(0x0000007c5be00000,0x0000007c5bf00000)]
  0x000001d054fa4000 JavaThread "Unconstrained build operations Thread 50" [_thread_blocked, id=4964, stack(0x0000007c5bf00000,0x0000007c5c000000)]
  0x000001d054fab000 JavaThread "Unconstrained build operations Thread 51" [_thread_blocked, id=9424, stack(0x0000007c5c000000,0x0000007c5c100000)]
  0x000001d054fa5000 JavaThread "Unconstrained build operations Thread 52" [_thread_blocked, id=12160, stack(0x0000007c5c100000,0x0000007c5c200000)]
  0x000001d054fa6000 JavaThread "Unconstrained build operations Thread 53" [_thread_blocked, id=9944, stack(0x0000007c5c200000,0x0000007c5c300000)]
  0x000001d054faa000 JavaThread "Unconstrained build operations Thread 54" [_thread_blocked, id=13436, stack(0x0000007c5c300000,0x0000007c5c400000)]
  0x000001d054fab800 JavaThread "Unconstrained build operations Thread 55" [_thread_blocked, id=13220, stack(0x0000007c5c400000,0x0000007c5c500000)]
  0x000001d054fa8800 JavaThread "Unconstrained build operations Thread 56" [_thread_blocked, id=5064, stack(0x0000007c5c500000,0x0000007c5c600000)]
  0x000001d054fac800 JavaThread "Unconstrained build operations Thread 57" [_thread_blocked, id=4432, stack(0x0000007c5c600000,0x0000007c5c700000)]
  0x000001d054fa6800 JavaThread "Unconstrained build operations Thread 58" [_thread_blocked, id=13412, stack(0x0000007c5c700000,0x0000007c5c800000)]
  0x000001d054faf800 JavaThread "Unconstrained build operations Thread 59" [_thread_blocked, id=4744, stack(0x0000007c5c800000,0x0000007c5c900000)]
  0x000001d054fb0800 JavaThread "Unconstrained build operations Thread 60" [_thread_blocked, id=4356, stack(0x0000007c5c900000,0x0000007c5ca00000)]
  0x000001d054fb1800 JavaThread "Unconstrained build operations Thread 61" [_thread_blocked, id=10928, stack(0x0000007c5ca00000,0x0000007c5cb00000)]
  0x000001d054fb3000 JavaThread "Unconstrained build operations Thread 62" [_thread_blocked, id=1392, stack(0x0000007c5cb00000,0x0000007c5cc00000)]
  0x000001d054fad000 JavaThread "Unconstrained build operations Thread 63" [_thread_blocked, id=8248, stack(0x0000007c5cc00000,0x0000007c5cd00000)]
  0x000001d054fae000 JavaThread "Unconstrained build operations Thread 64" [_thread_blocked, id=5176, stack(0x0000007c5cd00000,0x0000007c5ce00000)]
  0x000001d054faf000 JavaThread "Unconstrained build operations Thread 65" [_thread_blocked, id=12432, stack(0x0000007c5ce00000,0x0000007c5cf00000)]
  0x000001d054fb2000 JavaThread "Unconstrained build operations Thread 66" [_thread_blocked, id=556, stack(0x0000007c5cf00000,0x0000007c5d000000)]
  0x000001d0569d0800 JavaThread "Unconstrained build operations Thread 67" [_thread_blocked, id=10264, stack(0x0000007c5d000000,0x0000007c5d100000)]
  0x000001d0569d1800 JavaThread "Unconstrained build operations Thread 68" [_thread_blocked, id=12828, stack(0x0000007c5d100000,0x0000007c5d200000)]
  0x000001d0569d2000 JavaThread "Unconstrained build operations Thread 69" [_thread_blocked, id=11936, stack(0x0000007c5d200000,0x0000007c5d300000)]
  0x000001d0569d3000 JavaThread "Unconstrained build operations Thread 70" [_thread_blocked, id=14204, stack(0x0000007c5d300000,0x0000007c5d400000)]
  0x000001d0569d3800 JavaThread "Unconstrained build operations Thread 71" [_thread_blocked, id=5692, stack(0x0000007c5d400000,0x0000007c5d500000)]
  0x000001d0569d4800 JavaThread "Unconstrained build operations Thread 72" [_thread_blocked, id=12996, stack(0x0000007c5d500000,0x0000007c5d600000)]
  0x000001d0569cf000 JavaThread "Unconstrained build operations Thread 73" [_thread_blocked, id=10396, stack(0x0000007c5d600000,0x0000007c5d700000)]
  0x000001d0569d5800 JavaThread "Unconstrained build operations Thread 74" [_thread_blocked, id=8824, stack(0x0000007c5d700000,0x0000007c5d800000)]
  0x000001d0569cf800 JavaThread "Unconstrained build operations Thread 75" [_thread_blocked, id=10364, stack(0x0000007c5d800000,0x0000007c5d900000)]
  0x000001d0569dc000 JavaThread "Unconstrained build operations Thread 76" [_thread_blocked, id=7296, stack(0x0000007c5d900000,0x0000007c5da00000)]
  0x000001d0569d8800 JavaThread "Unconstrained build operations Thread 77" [_thread_blocked, id=13068, stack(0x0000007c5da00000,0x0000007c5db00000)]
  0x000001d0569d8000 JavaThread "Unconstrained build operations Thread 78" [_thread_blocked, id=11508, stack(0x0000007c5db00000,0x0000007c5dc00000)]
  0x000001d0569d7000 JavaThread "Unconstrained build operations Thread 79" [_thread_blocked, id=8020, stack(0x0000007c5dc00000,0x0000007c5dd00000)]
  0x000001d0569db000 JavaThread "Unconstrained build operations Thread 80" [_thread_blocked, id=11844, stack(0x0000007c5dd00000,0x0000007c5de00000)]
  0x000001d0569d6000 JavaThread "Unconstrained build operations Thread 81" [_thread_blocked, id=14040, stack(0x0000007c5de00000,0x0000007c5df00000)]
  0x000001d0569dc800 JavaThread "Unconstrained build operations Thread 82" [_thread_blocked, id=2576, stack(0x0000007c5df00000,0x0000007c5e000000)]
  0x000001d0569dd800 JavaThread "Unconstrained build operations Thread 83" [_thread_blocked, id=13056, stack(0x0000007c5e000000,0x0000007c5e100000)]
  0x000001d0569d9800 JavaThread "Unconstrained build operations Thread 84" [_thread_blocked, id=9868, stack(0x0000007c5e100000,0x0000007c5e200000)]
  0x000001d0569da800 JavaThread "Unconstrained build operations Thread 85" [_thread_blocked, id=13116, stack(0x0000007c5e200000,0x0000007c5e300000)]
  0x000001d0542f2000 JavaThread "Unconstrained build operations Thread 86" [_thread_blocked, id=13468, stack(0x0000007c5e300000,0x0000007c5e400000)]
  0x000001d0542ee800 JavaThread "Unconstrained build operations Thread 87" [_thread_blocked, id=6332, stack(0x0000007c5e400000,0x0000007c5e500000)]
  0x000001d0542f3800 JavaThread "Unconstrained build operations Thread 88" [_thread_blocked, id=3220, stack(0x0000007c5e500000,0x0000007c5e600000)]
  0x000001d0542f3000 JavaThread "Unconstrained build operations Thread 89" [_thread_blocked, id=14148, stack(0x0000007c5e600000,0x0000007c5e700000)]
  0x000001d0542f4800 JavaThread "Unconstrained build operations Thread 90" [_thread_blocked, id=5092, stack(0x0000007c5e700000,0x0000007c5e800000)]
  0x000001d0542f0800 JavaThread "Unconstrained build operations Thread 91" [_thread_blocked, id=11352, stack(0x0000007c5e800000,0x0000007c5e900000)]
  0x000001d0542f5000 JavaThread "Unconstrained build operations Thread 92" [_thread_blocked, id=11348, stack(0x0000007c5e900000,0x0000007c5ea00000)]
  0x000001d0542ef800 JavaThread "Unconstrained build operations Thread 93" [_thread_blocked, id=5540, stack(0x0000007c5ea00000,0x0000007c5eb00000)]
  0x000001d0542f6000 JavaThread "Unconstrained build operations Thread 94" [_thread_blocked, id=8096, stack(0x0000007c5eb00000,0x0000007c5ec00000)]
  0x000001d0542f1000 JavaThread "Unconstrained build operations Thread 95" [_thread_blocked, id=12040, stack(0x0000007c5ec00000,0x0000007c5ed00000)]
  0x000001d0542f7000 JavaThread "Unconstrained build operations Thread 96" [_thread_blocked, id=9160, stack(0x0000007c5ed00000,0x0000007c5ee00000)]
  0x000001d0542f9800 JavaThread "Unconstrained build operations Thread 97" [_thread_blocked, id=13148, stack(0x0000007c5ee00000,0x0000007c5ef00000)]
  0x000001d0542fa000 JavaThread "Unconstrained build operations Thread 98" [_thread_blocked, id=9208, stack(0x0000007c5ef00000,0x0000007c5f000000)]
  0x000001d0542fb000 JavaThread "Unconstrained build operations Thread 99" [_thread_blocked, id=13508, stack(0x0000007c5f000000,0x0000007c5f100000)]
  0x000001d0542f7800 JavaThread "Unconstrained build operations Thread 100" [_thread_blocked, id=9124, stack(0x0000007c5f100000,0x0000007c5f200000)]
  0x000001d0542fb800 JavaThread "Unconstrained build operations Thread 101" [_thread_blocked, id=11776, stack(0x0000007c5f200000,0x0000007c5f300000)]
  0x000001d0542f8800 JavaThread "Unconstrained build operations Thread 102" [_thread_blocked, id=13560, stack(0x0000007c5f300000,0x0000007c5f400000)]
  0x000001d0542fc800 JavaThread "Unconstrained build operations Thread 103" [_thread_blocked, id=5308, stack(0x0000007c5f400000,0x0000007c5f500000)]
  0x000001d0542fd800 JavaThread "Unconstrained build operations Thread 104" [_thread_blocked, id=8592, stack(0x0000007c5f500000,0x0000007c5f600000)]
  0x000001d056238800 JavaThread "Unconstrained build operations Thread 105" [_thread_blocked, id=13664, stack(0x0000007c5f600000,0x0000007c5f700000)]
  0x000001d056239000 JavaThread "Unconstrained build operations Thread 106" [_thread_blocked, id=12624, stack(0x0000007c5f700000,0x0000007c5f800000)]
  0x000001d05623c800 JavaThread "Unconstrained build operations Thread 107" [_thread_blocked, id=13440, stack(0x0000007c5f800000,0x0000007c5f900000)]
  0x000001d056236800 JavaThread "Unconstrained build operations Thread 108" [_thread_blocked, id=5548, stack(0x0000007c5f900000,0x0000007c5fa00000)]
  0x000001d05623a000 JavaThread "Unconstrained build operations Thread 109" [_thread_blocked, id=13316, stack(0x0000007c5fa00000,0x0000007c5fb00000)]
  0x000001d05623b800 JavaThread "Unconstrained build operations Thread 110" [_thread_blocked, id=2584, stack(0x0000007c5fb00000,0x0000007c5fc00000)]
  0x000001d056237800 JavaThread "Unconstrained build operations Thread 111" [_thread_blocked, id=9900, stack(0x0000007c5fc00000,0x0000007c5fd00000)]
  0x000001d05623e000 JavaThread "Unconstrained build operations Thread 112" [_thread_blocked, id=9444, stack(0x0000007c5fd00000,0x0000007c5fe00000)]
  0x000001d05623f000 JavaThread "Unconstrained build operations Thread 113" [_thread_blocked, id=13188, stack(0x0000007c5fe00000,0x0000007c5ff00000)]
  0x000001d05623f800 JavaThread "Unconstrained build operations Thread 114" [_thread_blocked, id=8088, stack(0x0000007c5ff00000,0x0000007c60000000)]
  0x000001d05623d000 JavaThread "Unconstrained build operations Thread 115" [_thread_blocked, id=2404, stack(0x0000007c60000000,0x0000007c60100000)]
  0x000001d056240800 JavaThread "Unconstrained build operations Thread 116" [_thread_blocked, id=5944, stack(0x0000007c60100000,0x0000007c60200000)]
  0x000001d05623a800 JavaThread "Unconstrained build operations Thread 117" [_thread_blocked, id=5420, stack(0x0000007c60200000,0x0000007c60300000)]
  0x000001d056244800 JavaThread "Unconstrained build operations Thread 118" [_thread_blocked, id=13276, stack(0x0000007c60300000,0x0000007c60400000)]
  0x000001d056241800 JavaThread "Unconstrained build operations Thread 119" [_thread_blocked, id=3768, stack(0x0000007c60400000,0x0000007c60500000)]
  0x000001d056242000 JavaThread "Unconstrained build operations Thread 120" [_thread_blocked, id=9632, stack(0x0000007c60500000,0x0000007c60600000)]
  0x000001d056243000 JavaThread "jar transforms Thread 4" [_thread_blocked, id=9924, stack(0x0000007c60600000,0x0000007c60700000)]
  0x000001d056243800 JavaThread "jar transforms Thread 5" [_thread_blocked, id=1316, stack(0x0000007c60700000,0x0000007c60800000)]
  0x000001d056245800 JavaThread "jar transforms Thread 6" [_thread_blocked, id=7068, stack(0x0000007c60800000,0x0000007c60900000)]
  0x000001d05b2a6800 JavaThread "jar transforms Thread 7" [_thread_blocked, id=9360, stack(0x0000007c60900000,0x0000007c60a00000)]
  0x000001d05b2a4000 JavaThread "jar transforms Thread 8" [_thread_blocked, id=4120, stack(0x0000007c60a00000,0x0000007c60b00000)]
  0x000001d05b2a5800 JavaThread "jar transforms Thread 9" [_thread_blocked, id=11432, stack(0x0000007c60b00000,0x0000007c60c00000)]
  0x000001d05b2a7800 JavaThread "jar transforms Thread 10" [_thread_blocked, id=5316, stack(0x0000007c60c00000,0x0000007c60d00000)]
  0x000001d05b2a8000 JavaThread "jar transforms Thread 11" [_thread_blocked, id=8388, stack(0x0000007c60d00000,0x0000007c60e00000)]
  0x000001d05b2a5000 JavaThread "jar transforms Thread 12" [_thread_blocked, id=11740, stack(0x0000007c60e00000,0x0000007c60f00000)]
  0x000001d05b2a9000 JavaThread "Memory manager" [_thread_blocked, id=8288, stack(0x0000007c60f00000,0x0000007c61000000)]
  0x000001d05b2af800 JavaThread "build event listener" [_thread_blocked, id=14312, stack(0x0000007c61000000,0x0000007c61100000)]
  0x000001d05b2ab800 JavaThread "Execution worker for ':'" [_thread_blocked, id=8400, stack(0x0000007c61100000,0x0000007c61200000)]
  0x000001d05b2ae800 JavaThread "Execution worker for ':' Thread 2" [_thread_blocked, id=7708, stack(0x0000007c61200000,0x0000007c61300000)]
  0x000001d05b2aa000 JavaThread "Execution worker for ':' Thread 3" [_thread_blocked, id=8724, stack(0x0000007c61300000,0x0000007c61400000)]
  0x000001d05b2b0800 JavaThread "Execution worker for ':' Thread 4" [_thread_blocked, id=13304, stack(0x0000007c61400000,0x0000007c61500000)]
  0x000001d05b2ac800 JavaThread "Execution worker for ':' Thread 5" [_thread_blocked, id=5232, stack(0x0000007c61500000,0x0000007c61600000)]
  0x000001d05b2ad000 JavaThread "Execution worker for ':' Thread 6" [_thread_blocked, id=11448, stack(0x0000007c61600000,0x0000007c61700000)]
  0x000001d05b2aa800 JavaThread "Execution worker for ':' Thread 7" [_thread_blocked, id=4688, stack(0x0000007c61700000,0x0000007c61800000)]
  0x000001d05b2b1000 JavaThread "Execution worker for ':' Thread 8" [_thread_blocked, id=13976, stack(0x0000007c61800000,0x0000007c61900000)]
  0x000001d05b2b2000 JavaThread "Execution worker for ':' Thread 9" [_thread_in_vm, id=10060, stack(0x0000007c61900000,0x0000007c61a00000)]
  0x000001d05b2ae000 JavaThread "Execution worker for ':' Thread 10" [_thread_blocked, id=12088, stack(0x0000007c61a00000,0x0000007c61b00000)]
  0x000001d060422000 JavaThread "Execution worker for ':' Thread 11" [_thread_blocked, id=5956, stack(0x0000007c61b00000,0x0000007c61c00000)]
  0x000001d060424000 JavaThread "Cache worker for execution history cache (C:\Users\NanoNoa\AndroidStudioProjects\SmartParkFlow\.gradle\7.3.3\executionHistory)" [_thread_blocked, id=1120, stack(0x0000007c61c00000,0x0000007c61d00000)]
  0x000001d060422800 JavaThread "WorkerExecutor Queue" [_thread_blocked, id=13672, stack(0x0000007c61e00000,0x0000007c61f00000)]
  0x000001d060420000 JavaThread "WorkerExecutor Queue Thread 3" [_thread_blocked, id=13784, stack(0x0000007c62000000,0x0000007c62100000)]
  0x000001d060421000 JavaThread "pool-3-thread-1" [_thread_blocked, id=3472, stack(0x0000007c58000000,0x0000007c58100000)]
  0x000001d060425000 JavaThread "stderr" [_thread_in_native, id=11584, stack(0x0000007c58700000,0x0000007c58800000)]
  0x000001d060423800 JavaThread "stdout" [_thread_in_native, id=2912, stack(0x0000007c61f00000,0x0000007c62000000)]
  0x000001d05dd5c800 JavaThread "C2 CompilerThread1" daemon [_thread_blocked, id=10500, stack(0x0000007c62100000,0x0000007c62200000)]
=>0x000001d05d3c3800 JavaThread "C2 CompilerThread2" daemon [_thread_in_native, id=9128, stack(0x0000007c62200000,0x0000007c62300000)]
  0x000001d06041f800 JavaThread "Cache worker for Java compile cache (C:\Users\NanoNoa\.gradle\caches\7.3.3\javaCompile)" [_thread_blocked, id=13024, stack(0x0000007c62300000,0x0000007c62400000)]

Other Threads:
  0x000001d0533ae000 VMThread "VM Thread" [stack: 0x0000007c55c00000,0x0000007c55d00000] [id=5668]
  0x000001d053ec2800 WatcherThread [stack: 0x0000007c56600000,0x0000007c56700000] [id=7020]
  0x000001d038b00000 GCTaskThread "GC Thread#0" [stack: 0x0000007c55700000,0x0000007c55800000] [id=12004]
  0x000001d054c7d000 GCTaskThread "GC Thread#1" [stack: 0x0000007c56800000,0x0000007c56900000] [id=10752]
  0x000001d0549f4000 GCTaskThread "GC Thread#2" [stack: 0x0000007c56900000,0x0000007c56a00000] [id=12412]
  0x000001d055f84000 GCTaskThread "GC Thread#3" [stack: 0x0000007c57300000,0x0000007c57400000] [id=12708]
  0x000001d05520a800 GCTaskThread "GC Thread#4" [stack: 0x0000007c57400000,0x0000007c57500000] [id=10548]
  0x000001d055ccb800 GCTaskThread "GC Thread#5" [stack: 0x0000007c57500000,0x0000007c57600000] [id=5424]
  0x000001d054b78000 GCTaskThread "GC Thread#6" [stack: 0x0000007c57600000,0x0000007c57700000] [id=13500]
  0x000001d05543a800 GCTaskThread "GC Thread#7" [stack: 0x0000007c57700000,0x0000007c57800000] [id=7508]
  0x000001d055ef1800 GCTaskThread "GC Thread#8" [stack: 0x0000007c57800000,0x0000007c57900000] [id=5372]
  0x000001d055eee800 GCTaskThread "GC Thread#9" [stack: 0x0000007c57900000,0x0000007c57a00000] [id=12780]
  0x000001d038b31800 ConcurrentGCThread "G1 Main Marker" [stack: 0x0000007c55800000,0x0000007c55900000] [id=13020]
  0x000001d038b32800 ConcurrentGCThread "G1 Conc#0" [stack: 0x0000007c55900000,0x0000007c55a00000] [id=6676]
  0x000001d055ef3000 ConcurrentGCThread "G1 Conc#1" [stack: 0x0000007c57d00000,0x0000007c57e00000] [id=13588]
  0x000001d055ef0800 ConcurrentGCThread "G1 Conc#2" [stack: 0x0000007c57e00000,0x0000007c57f00000] [id=8772]
  0x000001d053201800 ConcurrentGCThread "G1 Refine#0" [stack: 0x0000007c55a00000,0x0000007c55b00000] [id=12992]
  0x000001d05f4c4800 ConcurrentGCThread "G1 Refine#1" [stack: 0x0000007c61d00000,0x0000007c61e00000] [id=13812]
  0x000001d053202800 ConcurrentGCThread "G1 Young RemSet Sampling" [stack: 0x0000007c55b00000,0x0000007c55c00000] [id=11192]

Threads with active compile tasks:
C2 CompilerThread2  28711 11723       4       org.gradle.api.internal.artifacts.transform.ConsumerProvidedVariantFinder::matchAttributes (68 bytes)

VM state:not at safepoint (normal execution)

VM Mutex/Monitor currently owned by a thread: None

Heap address: 0x0000000080000000, size: 2048 MB, Compressed Oops mode: 32-bit
Narrow klass base: 0x0000000000000000, Narrow klass shift: 3
Compressed class space size: 1073741824 Address: 0x0000000100000000

Heap:
 garbage-first heap   total 189440K, used 103569K [0x0000000080000000, 0x0000000100000000)
  region size 1024K, 20 young (20480K), 4 survivors (4096K)
 Metaspace       used 93203K, capacity 95422K, committed 95496K, reserved 1132544K
  class space    used 11975K, capacity 12811K, committed 12880K, reserved 1048576K
Heap Regions: E=young(eden), S=young(survivor), O=old, HS=humongous(starts), HC=humongous(continues), CS=collection set, F=free, A=archive, TAMS=top-at-mark-start (previous, next)
|   0|0x0000000080000000, 0x0000000080100000, 0x0000000080100000|100%| O|  |TAMS 0x0000000080100000, 0x0000000080000000| Untracked 
|   1|0x0000000080100000, 0x0000000080200000, 0x0000000080200000|100%| O|  |TAMS 0x0000000080200000, 0x0000000080100000| Untracked 
|   2|0x0000000080200000, 0x0000000080300000, 0x0000000080300000|100%| O|  |TAMS 0x0000000080300000, 0x0000000080200000| Untracked 
|   3|0x0000000080300000, 0x0000000080400000, 0x0000000080400000|100%|HS|  |TAMS 0x0000000080400000, 0x0000000080300000| Complete 
|   4|0x0000000080400000, 0x0000000080500000, 0x0000000080500000|100%|HC|  |TAMS 0x0000000080500000, 0x0000000080400000| Complete 
|   5|0x0000000080500000, 0x0000000080600000, 0x0000000080600000|100%|HC|  |TAMS 0x0000000080600000, 0x0000000080500000| Complete 
|   6|0x0000000080600000, 0x0000000080700000, 0x0000000080700000|100%| O|  |TAMS 0x0000000080700000, 0x0000000080600000| Untracked 
|   7|0x0000000080700000, 0x0000000080800000, 0x0000000080800000|100%| O|  |TAMS 0x0000000080800000, 0x0000000080700000| Untracked 
|   8|0x0000000080800000, 0x0000000080900000, 0x0000000080900000|100%| O|  |TAMS 0x0000000080900000, 0x0000000080800000| Untracked 
|   9|0x0000000080900000, 0x0000000080a00000, 0x0000000080a00000|100%| O|  |TAMS 0x0000000080a00000, 0x0000000080900000| Untracked 
|  10|0x0000000080a00000, 0x0000000080b00000, 0x0000000080b00000|100%| O|  |TAMS 0x0000000080b00000, 0x0000000080a00000| Untracked 
|  11|0x0000000080b00000, 0x0000000080c00000, 0x0000000080c00000|100%| O|  |TAMS 0x0000000080c00000, 0x0000000080b00000| Untracked 
|  12|0x0000000080c00000, 0x0000000080d00000, 0x0000000080d00000|100%| O|  |TAMS 0x0000000080d00000, 0x0000000080c00000| Untracked 
|  13|0x0000000080d00000, 0x0000000080e00000, 0x0000000080e00000|100%| O|  |TAMS 0x0000000080e00000, 0x0000000080d00000| Untracked 
|  14|0x0000000080e00000, 0x0000000080f00000, 0x0000000080f00000|100%| O|  |TAMS 0x0000000080f00000, 0x0000000080e00000| Untracked 
|  15|0x0000000080f00000, 0x0000000081000000, 0x0000000081000000|100%| O|  |TAMS 0x0000000081000000, 0x0000000080f00000| Untracked 
|  16|0x0000000081000000, 0x0000000081100000, 0x0000000081100000|100%| O|  |TAMS 0x0000000081100000, 0x0000000081000000| Untracked 
|  17|0x0000000081100000, 0x0000000081200000, 0x0000000081200000|100%|HS|  |TAMS 0x0000000081200000, 0x0000000081100000| Complete 
|  18|0x0000000081200000, 0x0000000081300000, 0x0000000081300000|100%| O|  |TAMS 0x0000000081300000, 0x0000000081200000| Untracked 
|  19|0x0000000081300000, 0x0000000081400000, 0x0000000081400000|100%| O|  |TAMS 0x0000000081400000, 0x0000000081300000| Untracked 
|  20|0x0000000081400000, 0x0000000081500000, 0x0000000081500000|100%| O|  |TAMS 0x0000000081500000, 0x0000000081400000| Untracked 
|  21|0x0000000081500000, 0x0000000081600000, 0x0000000081600000|100%| O|  |TAMS 0x0000000081600000, 0x0000000081500000| Untracked 
|  22|0x0000000081600000, 0x0000000081700000, 0x0000000081700000|100%| O|  |TAMS 0x0000000081700000, 0x0000000081600000| Untracked 
|  23|0x0000000081700000, 0x0000000081800000, 0x0000000081800000|100%| O|  |TAMS 0x0000000081800000, 0x0000000081700000| Untracked 
|  24|0x0000000081800000, 0x0000000081900000, 0x0000000081900000|100%| O|  |TAMS 0x0000000081900000, 0x0000000081800000| Untracked 
|  25|0x0000000081900000, 0x0000000081a00000, 0x0000000081a00000|100%| O|  |TAMS 0x0000000081a00000, 0x0000000081900000| Untracked 
|  26|0x0000000081a00000, 0x0000000081b00000, 0x0000000081b00000|100%| O|  |TAMS 0x0000000081b00000, 0x0000000081a00000| Untracked 
|  27|0x0000000081b00000, 0x0000000081c00000, 0x0000000081c00000|100%| O|  |TAMS 0x0000000081c00000, 0x0000000081b00000| Untracked 
|  28|0x0000000081c00000, 0x0000000081d00000, 0x0000000081d00000|100%|HS|  |TAMS 0x0000000081d00000, 0x0000000081c00000| Complete 
|  29|0x0000000081d00000, 0x0000000081e00000, 0x0000000081e00000|100%|HS|  |TAMS 0x0000000081e00000, 0x0000000081d00000| Complete 
|  30|0x0000000081e00000, 0x0000000081f00000, 0x0000000081f00000|100%|HC|  |TAMS 0x0000000081f00000, 0x0000000081e00000| Complete 
|  31|0x0000000081f00000, 0x0000000082000000, 0x0000000082000000|100%| O|  |TAMS 0x0000000082000000, 0x0000000081f00000| Untracked 
|  32|0x0000000082000000, 0x0000000082100000, 0x0000000082100000|100%| O|  |TAMS 0x0000000082100000, 0x0000000082000000| Untracked 
|  33|0x0000000082100000, 0x0000000082200000, 0x0000000082200000|100%| O|  |TAMS 0x0000000082200000, 0x0000000082100000| Untracked 
|  34|0x0000000082200000, 0x0000000082300000, 0x0000000082300000|100%| O|  |TAMS 0x0000000082300000, 0x0000000082200000| Untracked 
|  35|0x0000000082300000, 0x0000000082400000, 0x0000000082400000|100%| O|  |TAMS 0x0000000082400000, 0x0000000082300000| Untracked 
|  36|0x0000000082400000, 0x0000000082500000, 0x0000000082500000|100%| O|  |TAMS 0x0000000082500000, 0x0000000082400000| Untracked 
|  37|0x0000000082500000, 0x0000000082600000, 0x0000000082600000|100%| O|  |TAMS 0x0000000082600000, 0x0000000082500000| Untracked 
|  38|0x0000000082600000, 0x0000000082700000, 0x0000000082700000|100%| O|  |TAMS 0x0000000082700000, 0x0000000082600000| Untracked 
|  39|0x0000000082700000, 0x0000000082800000, 0x0000000082800000|100%| O|  |TAMS 0x0000000082800000, 0x0000000082700000| Untracked 
|  40|0x0000000082800000, 0x0000000082900000, 0x0000000082900000|100%| O|  |TAMS 0x0000000082900000, 0x0000000082800000| Untracked 
|  41|0x0000000082900000, 0x0000000082a00000, 0x0000000082a00000|100%| O|  |TAMS 0x0000000082a00000, 0x0000000082900000| Untracked 
|  42|0x0000000082a00000, 0x0000000082b00000, 0x0000000082b00000|100%| O|  |TAMS 0x0000000082b00000, 0x0000000082a00000| Untracked 
|  43|0x0000000082b00000, 0x0000000082c00000, 0x0000000082c00000|100%| O|  |TAMS 0x0000000082c00000, 0x0000000082b00000| Untracked 
|  44|0x0000000082c00000, 0x0000000082d00000, 0x0000000082d00000|100%| O|  |TAMS 0x0000000082d00000, 0x0000000082c00000| Untracked 
|  45|0x0000000082d00000, 0x0000000082e00000, 0x0000000082e00000|100%| O|  |TAMS 0x0000000082e00000, 0x0000000082d00000| Untracked 
|  46|0x0000000082e00000, 0x0000000082f00000, 0x0000000082f00000|100%| O|  |TAMS 0x0000000082f00000, 0x0000000082e00000| Untracked 
|  47|0x0000000082f00000, 0x0000000083000000, 0x0000000083000000|100%| O|  |TAMS 0x0000000083000000, 0x0000000082f00000| Untracked 
|  48|0x0000000083000000, 0x0000000083100000, 0x0000000083100000|100%| O|  |TAMS 0x0000000083100000, 0x0000000083000000| Untracked 
|  49|0x0000000083100000, 0x0000000083200000, 0x0000000083200000|100%| O|  |TAMS 0x0000000083200000, 0x0000000083100000| Untracked 
|  50|0x0000000083200000, 0x0000000083300000, 0x0000000083300000|100%| O|  |TAMS 0x0000000083300000, 0x0000000083200000| Untracked 
|  51|0x0000000083300000, 0x0000000083400000, 0x0000000083400000|100%| O|  |TAMS 0x0000000083400000, 0x0000000083300000| Untracked 
|  52|0x0000000083400000, 0x0000000083500000, 0x0000000083500000|100%| O|  |TAMS 0x0000000083500000, 0x0000000083400000| Untracked 
|  53|0x0000000083500000, 0x0000000083600000, 0x0000000083600000|100%| O|  |TAMS 0x0000000083600000, 0x0000000083500000| Untracked 
|  54|0x0000000083600000, 0x0000000083700000, 0x0000000083700000|100%| O|  |TAMS 0x0000000083700000, 0x0000000083600000| Untracked 
|  55|0x0000000083700000, 0x0000000083800000, 0x0000000083800000|100%| O|  |TAMS 0x0000000083800000, 0x0000000083700000| Untracked 
|  56|0x0000000083800000, 0x0000000083900000, 0x0000000083900000|100%| O|  |TAMS 0x0000000083900000, 0x0000000083800000| Untracked 
|  57|0x0000000083900000, 0x0000000083a00000, 0x0000000083a00000|100%| O|  |TAMS 0x0000000083a00000, 0x0000000083900000| Untracked 
|  58|0x0000000083a00000, 0x0000000083b00000, 0x0000000083b00000|100%| O|  |TAMS 0x0000000083b00000, 0x0000000083a00000| Untracked 
|  59|0x0000000083b00000, 0x0000000083c00000, 0x0000000083c00000|100%| O|  |TAMS 0x0000000083c00000, 0x0000000083b00000| Untracked 
|  60|0x0000000083c00000, 0x0000000083d00000, 0x0000000083d00000|100%| O|  |TAMS 0x0000000083d00000, 0x0000000083c00000| Untracked 
|  61|0x0000000083d00000, 0x0000000083e00000, 0x0000000083e00000|100%| O|  |TAMS 0x0000000083e00000, 0x0000000083d00000| Untracked 
|  62|0x0000000083e00000, 0x0000000083f00000, 0x0000000083f00000|100%| O|  |TAMS 0x0000000083f00000, 0x0000000083e00000| Untracked 
|  63|0x0000000083f00000, 0x0000000084000000, 0x0000000084000000|100%| O|  |TAMS 0x0000000084000000, 0x0000000083f00000| Untracked 
|  64|0x0000000084000000, 0x0000000084100000, 0x0000000084100000|100%| O|  |TAMS 0x0000000084100000, 0x0000000084000000| Untracked 
|  65|0x0000000084100000, 0x0000000084200000, 0x0000000084200000|100%| O|  |TAMS 0x0000000084200000, 0x0000000084100000| Untracked 
|  66|0x0000000084200000, 0x0000000084300000, 0x0000000084300000|100%| O|  |TAMS 0x0000000084300000, 0x0000000084200000| Untracked 
|  67|0x0000000084300000, 0x0000000084400000, 0x0000000084400000|100%| O|  |TAMS 0x0000000084400000, 0x0000000084300000| Untracked 
|  68|0x0000000084400000, 0x0000000084500000, 0x0000000084500000|100%| O|  |TAMS 0x0000000084500000, 0x0000000084400000| Untracked 
|  69|0x0000000084500000, 0x0000000084600000, 0x0000000084600000|100%| O|  |TAMS 0x0000000084600000, 0x0000000084500000| Untracked 
|  70|0x0000000084600000, 0x0000000084700000, 0x0000000084700000|100%| O|  |TAMS 0x0000000084700000, 0x0000000084600000| Untracked 
|  71|0x0000000084700000, 0x0000000084800000, 0x0000000084800000|100%| O|  |TAMS 0x0000000084800000, 0x0000000084700000| Untracked 
|  72|0x0000000084800000, 0x0000000084900000, 0x0000000084900000|100%| O|  |TAMS 0x0000000084900000, 0x0000000084800000| Untracked 
|  73|0x0000000084900000, 0x0000000084a00000, 0x0000000084a00000|100%| O|  |TAMS 0x0000000084a00000, 0x0000000084900000| Untracked 
|  74|0x0000000084a00000, 0x0000000084a00000, 0x0000000084b00000|  0%| F|  |TAMS 0x0000000084a00000, 0x0000000084a00000| Untracked 
|  75|0x0000000084b00000, 0x0000000084c00000, 0x0000000084c00000|100%| O|  |TAMS 0x0000000084c00000, 0x0000000084b00000| Untracked 
|  76|0x0000000084c00000, 0x0000000084d00000, 0x0000000084d00000|100%| O|  |TAMS 0x0000000084d00000, 0x0000000084c00000| Untracked 
|  77|0x0000000084d00000, 0x0000000084e00000, 0x0000000084e00000|100%| O|  |TAMS 0x0000000084e00000, 0x0000000084d00000| Untracked 
|  78|0x0000000084e00000, 0x0000000084e87c00, 0x0000000084f00000| 53%| O|  |TAMS 0x0000000084e87c00, 0x0000000084e00000| Untracked 
|  79|0x0000000084f00000, 0x0000000084f00000, 0x0000000085000000|  0%| F|  |TAMS 0x0000000084f00000, 0x0000000084f00000| Untracked 
|  80|0x0000000085000000, 0x0000000085000000, 0x0000000085100000|  0%| F|  |TAMS 0x0000000085000000, 0x0000000085000000| Untracked 
|  81|0x0000000085100000, 0x0000000085100000, 0x0000000085200000|  0%| F|  |TAMS 0x0000000085100000, 0x0000000085100000| Untracked 
|  82|0x0000000085200000, 0x0000000085200000, 0x0000000085300000|  0%| F|  |TAMS 0x0000000085200000, 0x0000000085200000| Untracked 
|  83|0x0000000085300000, 0x0000000085300000, 0x0000000085400000|  0%| F|  |TAMS 0x0000000085300000, 0x0000000085300000| Untracked 
|  84|0x0000000085400000, 0x0000000085400000, 0x0000000085500000|  0%| F|  |TAMS 0x0000000085400000, 0x0000000085400000| Untracked 
|  85|0x0000000085500000, 0x0000000085600000, 0x0000000085600000|100%| O|  |TAMS 0x0000000085600000, 0x0000000085500000| Untracked 
|  86|0x0000000085600000, 0x0000000085700000, 0x0000000085700000|100%| O|  |TAMS 0x0000000085700000, 0x0000000085600000| Untracked 
|  87|0x0000000085700000, 0x0000000085800000, 0x0000000085800000|100%| O|  |TAMS 0x0000000085800000, 0x0000000085700000| Untracked 
|  88|0x0000000085800000, 0x0000000085800000, 0x0000000085900000|  0%| F|  |TAMS 0x0000000085800000, 0x0000000085800000| Untracked 
|  89|0x0000000085900000, 0x0000000085a00000, 0x0000000085a00000|100%| O|  |TAMS 0x0000000085a00000, 0x0000000085900000| Untracked 
|  90|0x0000000085a00000, 0x0000000085b00000, 0x0000000085b00000|100%| O|  |TAMS 0x0000000085b00000, 0x0000000085a00000| Untracked 
|  91|0x0000000085b00000, 0x0000000085b00000, 0x0000000085c00000|  0%| F|  |TAMS 0x0000000085b00000, 0x0000000085b00000| Untracked 
|  92|0x0000000085c00000, 0x0000000085c00000, 0x0000000085d00000|  0%| F|  |TAMS 0x0000000085c00000, 0x0000000085c00000| Untracked 
|  93|0x0000000085d00000, 0x0000000085d00000, 0x0000000085e00000|  0%| F|  |TAMS 0x0000000085d00000, 0x0000000085d00000| Untracked 
|  94|0x0000000085e00000, 0x0000000085e00000, 0x0000000085f00000|  0%| F|  |TAMS 0x0000000085e00000, 0x0000000085e00000| Untracked 
|  95|0x0000000085f00000, 0x0000000085f00000, 0x0000000086000000|  0%| F|  |TAMS 0x0000000085f00000, 0x0000000085f00000| Untracked 
|  96|0x0000000086000000, 0x0000000086000000, 0x0000000086100000|  0%| F|  |TAMS 0x0000000086000000, 0x0000000086000000| Untracked 
|  97|0x0000000086100000, 0x0000000086100000, 0x0000000086200000|  0%| F|  |TAMS 0x0000000086100000, 0x0000000086100000| Untracked 
|  98|0x0000000086200000, 0x0000000086200000, 0x0000000086300000|  0%| F|  |TAMS 0x0000000086200000, 0x0000000086200000| Untracked 
|  99|0x0000000086300000, 0x0000000086300000, 0x0000000086400000|  0%| F|  |TAMS 0x0000000086300000, 0x0000000086300000| Untracked 
| 100|0x0000000086400000, 0x0000000086400000, 0x0000000086500000|  0%| F|  |TAMS 0x0000000086400000, 0x0000000086400000| Untracked 
| 101|0x0000000086500000, 0x0000000086500000, 0x0000000086600000|  0%| F|  |TAMS 0x0000000086500000, 0x0000000086500000| Untracked 
| 102|0x0000000086600000, 0x0000000086600000, 0x0000000086700000|  0%| F|  |TAMS 0x0000000086600000, 0x0000000086600000| Untracked 
| 103|0x0000000086700000, 0x0000000086700000, 0x0000000086800000|  0%| F|  |TAMS 0x0000000086700000, 0x0000000086700000| Untracked 
| 104|0x0000000086800000, 0x0000000086800000, 0x0000000086900000|  0%| F|  |TAMS 0x0000000086800000, 0x0000000086800000| Untracked 
| 105|0x0000000086900000, 0x0000000086900000, 0x0000000086a00000|  0%| F|  |TAMS 0x0000000086900000, 0x0000000086900000| Untracked 
| 106|0x0000000086a00000, 0x0000000086b00000, 0x0000000086b00000|100%| O|  |TAMS 0x0000000086b00000, 0x0000000086a00000| Untracked 
| 107|0x0000000086b00000, 0x0000000086b00000, 0x0000000086c00000|  0%| F|  |TAMS 0x0000000086b00000, 0x0000000086b00000| Untracked 
| 108|0x0000000086c00000, 0x0000000086c00000, 0x0000000086d00000|  0%| F|  |TAMS 0x0000000086c00000, 0x0000000086c00000| Untracked 
| 109|0x0000000086d00000, 0x0000000086d00000, 0x0000000086e00000|  0%| F|  |TAMS 0x0000000086d00000, 0x0000000086d00000| Untracked 
| 110|0x0000000086e00000, 0x0000000086e00000, 0x0000000086f00000|  0%| F|  |TAMS 0x0000000086e00000, 0x0000000086e00000| Untracked 
| 111|0x0000000086f00000, 0x0000000086f00000, 0x0000000087000000|  0%| F|  |TAMS 0x0000000086f00000, 0x0000000086f00000| Untracked 
| 112|0x0000000087000000, 0x0000000087000000, 0x0000000087100000|  0%| F|  |TAMS 0x0000000087000000, 0x0000000087000000| Untracked 
| 113|0x0000000087100000, 0x0000000087100000, 0x0000000087200000|  0%| F|  |TAMS 0x0000000087100000, 0x0000000087100000| Untracked 
| 114|0x0000000087200000, 0x0000000087200000, 0x0000000087300000|  0%| F|  |TAMS 0x0000000087200000, 0x0000000087200000| Untracked 
| 115|0x0000000087300000, 0x0000000087300000, 0x0000000087400000|  0%| F|  |TAMS 0x0000000087300000, 0x0000000087300000| Untracked 
| 116|0x0000000087400000, 0x0000000087400000, 0x0000000087500000|  0%| F|  |TAMS 0x0000000087400000, 0x0000000087400000| Untracked 
| 117|0x0000000087500000, 0x0000000087500000, 0x0000000087600000|  0%| F|  |TAMS 0x0000000087500000, 0x0000000087500000| Untracked 
| 118|0x0000000087600000, 0x0000000087600000, 0x0000000087700000|  0%| F|  |TAMS 0x0000000087600000, 0x0000000087600000| Untracked 
| 119|0x0000000087700000, 0x0000000087700000, 0x0000000087800000|  0%| F|  |TAMS 0x0000000087700000, 0x0000000087700000| Untracked 
| 120|0x0000000087800000, 0x0000000087800000, 0x0000000087900000|  0%| F|  |TAMS 0x0000000087800000, 0x0000000087800000| Untracked 
| 121|0x0000000087900000, 0x0000000087900000, 0x0000000087a00000|  0%| F|  |TAMS 0x0000000087900000, 0x0000000087900000| Untracked 
| 122|0x0000000087a00000, 0x0000000087a00000, 0x0000000087b00000|  0%| F|  |TAMS 0x0000000087a00000, 0x0000000087a00000| Untracked 
| 123|0x0000000087b00000, 0x0000000087b00000, 0x0000000087c00000|  0%| F|  |TAMS 0x0000000087b00000, 0x0000000087b00000| Untracked 
| 124|0x0000000087c00000, 0x0000000087c00000, 0x0000000087d00000|  0%| F|  |TAMS 0x0000000087c00000, 0x0000000087c00000| Untracked 
| 125|0x0000000087d00000, 0x0000000087d00000, 0x0000000087e00000|  0%| F|  |TAMS 0x0000000087d00000, 0x0000000087d00000| Untracked 
| 126|0x0000000087e00000, 0x0000000087e00000, 0x0000000087f00000|  0%| F|  |TAMS 0x0000000087e00000, 0x0000000087e00000| Untracked 
| 127|0x0000000087f00000, 0x0000000087f00000, 0x0000000088000000|  0%| F|  |TAMS 0x0000000087f00000, 0x0000000087f00000| Untracked 
| 128|0x0000000088000000, 0x000000008809c870, 0x0000000088100000| 61%| S|CS|TAMS 0x0000000088000000, 0x0000000088000000| Complete 
| 129|0x0000000088100000, 0x0000000088200000, 0x0000000088200000|100%| S|CS|TAMS 0x0000000088100000, 0x0000000088100000| Complete 
| 130|0x0000000088200000, 0x0000000088300000, 0x0000000088300000|100%| S|CS|TAMS 0x0000000088200000, 0x0000000088200000| Complete 
| 131|0x0000000088300000, 0x0000000088400000, 0x0000000088400000|100%| S|CS|TAMS 0x0000000088300000, 0x0000000088300000| Complete 
| 132|0x0000000088400000, 0x0000000088400000, 0x0000000088500000|  0%| F|  |TAMS 0x0000000088400000, 0x0000000088400000| Untracked 
| 133|0x0000000088500000, 0x0000000088500000, 0x0000000088600000|  0%| F|  |TAMS 0x0000000088500000, 0x0000000088500000| Untracked 
| 134|0x0000000088600000, 0x0000000088600000, 0x0000000088700000|  0%| F|  |TAMS 0x0000000088600000, 0x0000000088600000| Untracked 
| 135|0x0000000088700000, 0x0000000088700000, 0x0000000088800000|  0%| F|  |TAMS 0x0000000088700000, 0x0000000088700000| Untracked 
| 136|0x0000000088800000, 0x0000000088800000, 0x0000000088900000|  0%| F|  |TAMS 0x0000000088800000, 0x0000000088800000| Untracked 
| 137|0x0000000088900000, 0x0000000088900000, 0x0000000088a00000|  0%| F|  |TAMS 0x0000000088900000, 0x0000000088900000| Untracked 
| 138|0x0000000088a00000, 0x0000000088a00000, 0x0000000088b00000|  0%| F|  |TAMS 0x0000000088a00000, 0x0000000088a00000| Untracked 
| 139|0x0000000088b00000, 0x0000000088b00000, 0x0000000088c00000|  0%| F|  |TAMS 0x0000000088b00000, 0x0000000088b00000| Untracked 
| 140|0x0000000088c00000, 0x0000000088c00000, 0x0000000088d00000|  0%| F|  |TAMS 0x0000000088c00000, 0x0000000088c00000| Untracked 
| 141|0x0000000088d00000, 0x0000000088d00000, 0x0000000088e00000|  0%| F|  |TAMS 0x0000000088d00000, 0x0000000088d00000| Untracked 
| 142|0x0000000088e00000, 0x0000000088e00000, 0x0000000088f00000|  0%| F|  |TAMS 0x0000000088e00000, 0x0000000088e00000| Untracked 
| 143|0x0000000088f00000, 0x0000000088f00000, 0x0000000089000000|  0%| F|  |TAMS 0x0000000088f00000, 0x0000000088f00000| Untracked 
| 144|0x0000000089000000, 0x0000000089000000, 0x0000000089100000|  0%| F|  |TAMS 0x0000000089000000, 0x0000000089000000| Untracked 
| 145|0x0000000089100000, 0x0000000089100000, 0x0000000089200000|  0%| F|  |TAMS 0x0000000089100000, 0x0000000089100000| Untracked 
| 146|0x0000000089200000, 0x0000000089200000, 0x0000000089300000|  0%| F|  |TAMS 0x0000000089200000, 0x0000000089200000| Untracked 
| 147|0x0000000089300000, 0x0000000089300000, 0x0000000089400000|  0%| F|  |TAMS 0x0000000089300000, 0x0000000089300000| Untracked 
| 148|0x0000000089400000, 0x0000000089400000, 0x0000000089500000|  0%| F|  |TAMS 0x0000000089400000, 0x0000000089400000| Untracked 
| 149|0x0000000089500000, 0x0000000089500000, 0x0000000089600000|  0%| F|  |TAMS 0x0000000089500000, 0x0000000089500000| Untracked 
| 150|0x0000000089600000, 0x0000000089600000, 0x0000000089700000|  0%| F|  |TAMS 0x0000000089600000, 0x0000000089600000| Untracked 
| 151|0x0000000089700000, 0x0000000089700000, 0x0000000089800000|  0%| F|  |TAMS 0x0000000089700000, 0x0000000089700000| Untracked 
| 152|0x0000000089800000, 0x0000000089800000, 0x0000000089900000|  0%| F|  |TAMS 0x0000000089800000, 0x0000000089800000| Untracked 
| 153|0x0000000089900000, 0x0000000089900000, 0x0000000089a00000|  0%| F|  |TAMS 0x0000000089900000, 0x0000000089900000| Untracked 
| 154|0x0000000089a00000, 0x0000000089a00000, 0x0000000089b00000|  0%| F|  |TAMS 0x0000000089a00000, 0x0000000089a00000| Untracked 
| 155|0x0000000089b00000, 0x0000000089b00000, 0x0000000089c00000|  0%| F|  |TAMS 0x0000000089b00000, 0x0000000089b00000| Untracked 
| 156|0x0000000089c00000, 0x0000000089c00000, 0x0000000089d00000|  0%| F|  |TAMS 0x0000000089c00000, 0x0000000089c00000| Untracked 
| 157|0x0000000089d00000, 0x0000000089d00000, 0x0000000089e00000|  0%| F|  |TAMS 0x0000000089d00000, 0x0000000089d00000| Untracked 
| 158|0x0000000089e00000, 0x0000000089e00000, 0x0000000089f00000|  0%| F|  |TAMS 0x0000000089e00000, 0x0000000089e00000| Untracked 
| 159|0x0000000089f00000, 0x0000000089f00000, 0x000000008a000000|  0%| F|  |TAMS 0x0000000089f00000, 0x0000000089f00000| Untracked 
| 160|0x000000008a000000, 0x000000008a000000, 0x000000008a100000|  0%| F|  |TAMS 0x000000008a000000, 0x000000008a000000| Untracked 
| 161|0x000000008a100000, 0x000000008a100000, 0x000000008a200000|  0%| F|  |TAMS 0x000000008a100000, 0x000000008a100000| Untracked 
| 162|0x000000008a200000, 0x000000008a200000, 0x000000008a300000|  0%| F|  |TAMS 0x000000008a200000, 0x000000008a200000| Untracked 
| 163|0x000000008a300000, 0x000000008a300000, 0x000000008a400000|  0%| F|  |TAMS 0x000000008a300000, 0x000000008a300000| Untracked 
| 164|0x000000008a400000, 0x000000008a400000, 0x000000008a500000|  0%| F|  |TAMS 0x000000008a400000, 0x000000008a400000| Untracked 
| 165|0x000000008a500000, 0x000000008a500000, 0x000000008a600000|  0%| F|  |TAMS 0x000000008a500000, 0x000000008a500000| Untracked 
| 166|0x000000008a600000, 0x000000008a600000, 0x000000008a700000|  0%| F|  |TAMS 0x000000008a600000, 0x000000008a600000| Untracked 
| 167|0x000000008a700000, 0x000000008a700000, 0x000000008a800000|  0%| F|  |TAMS 0x000000008a700000, 0x000000008a700000| Untracked 
| 168|0x000000008a800000, 0x000000008a8a18c8, 0x000000008a900000| 63%| E|  |TAMS 0x000000008a800000, 0x000000008a800000| Complete 
| 169|0x000000008a900000, 0x000000008aa00000, 0x000000008aa00000|100%| E|CS|TAMS 0x000000008a900000, 0x000000008a900000| Complete 
| 170|0x000000008aa00000, 0x000000008ab00000, 0x000000008ab00000|100%| E|CS|TAMS 0x000000008aa00000, 0x000000008aa00000| Complete 
| 171|0x000000008ab00000, 0x000000008ac00000, 0x000000008ac00000|100%| E|CS|TAMS 0x000000008ab00000, 0x000000008ab00000| Complete 
| 172|0x000000008ac00000, 0x000000008ad00000, 0x000000008ad00000|100%| E|CS|TAMS 0x000000008ac00000, 0x000000008ac00000| Complete 
| 173|0x000000008ad00000, 0x000000008ae00000, 0x000000008ae00000|100%| E|CS|TAMS 0x000000008ad00000, 0x000000008ad00000| Complete 
| 174|0x000000008ae00000, 0x000000008af00000, 0x000000008af00000|100%| E|CS|TAMS 0x000000008ae00000, 0x000000008ae00000| Complete 
| 175|0x000000008af00000, 0x000000008b000000, 0x000000008b000000|100%| E|CS|TAMS 0x000000008af00000, 0x000000008af00000| Complete 
| 176|0x000000008b000000, 0x000000008b100000, 0x000000008b100000|100%| E|CS|TAMS 0x000000008b000000, 0x000000008b000000| Complete 
| 177|0x000000008b100000, 0x000000008b200000, 0x000000008b200000|100%| E|CS|TAMS 0x000000008b100000, 0x000000008b100000| Complete 
| 178|0x000000008b200000, 0x000000008b300000, 0x000000008b300000|100%| E|CS|TAMS 0x000000008b200000, 0x000000008b200000| Complete 
| 179|0x000000008b300000, 0x000000008b400000, 0x000000008b400000|100%| E|CS|TAMS 0x000000008b300000, 0x000000008b300000| Complete 
| 180|0x000000008b400000, 0x000000008b500000, 0x000000008b500000|100%| E|CS|TAMS 0x000000008b400000, 0x000000008b400000| Complete 
| 181|0x000000008b500000, 0x000000008b600000, 0x000000008b600000|100%| E|CS|TAMS 0x000000008b500000, 0x000000008b500000| Complete 
| 182|0x000000008b600000, 0x000000008b700000, 0x000000008b700000|100%| E|  |TAMS 0x000000008b600000, 0x000000008b600000| Complete 
| 183|0x000000008b700000, 0x000000008b800000, 0x000000008b800000|100%| E|CS|TAMS 0x000000008b700000, 0x000000008b700000| Complete 
| 184|0x000000008b800000, 0x000000008b900000, 0x000000008b900000|100%| E|CS|TAMS 0x000000008b800000, 0x000000008b800000| Complete 

Card table byte_map: [0x000001d04bf40000,0x000001d04c340000] _byte_map_base: 0x000001d04bb40000

Marking Bits (Prev, Next): (CMBitMap*) 0x000001d038b28890, (CMBitMap*) 0x000001d038b28858
 Prev Bits: [0x000001d04e740000, 0x000001d050740000)
 Next Bits: [0x000001d04c740000, 0x000001d04e740000)

Polling page: 0x000001d036a40000

Metaspace:

Usage:
  Non-class:     80.74 MB capacity,    79.35 MB ( 98%) used,     1.14 MB (  1%) free+waste,   262.00 KB ( <1%) overhead. 
      Class:     12.51 MB capacity,    11.70 MB ( 93%) used,   716.11 KB (  6%) free+waste,   116.88 KB ( <1%) overhead. 
       Both:     93.25 MB capacity,    91.04 MB ( 98%) used,     1.83 MB (  2%) free+waste,   378.88 KB ( <1%) overhead. 

Virtual space:
  Non-class space:       82.00 MB reserved,      80.93 MB ( 99%) committed 
      Class space:        1.00 GB reserved,      12.58 MB (  1%) committed 
             Both:        1.08 GB reserved,      93.51 MB (  8%) committed 

Chunk freelists:
   Non-Class:  5.00 KB
       Class:  21.00 KB
        Both:  26.00 KB

MaxMetaspaceSize: 17179869184.00 GB
CompressedClassSpaceSize: 1.00 GB
Initial GC threshold: 20.80 MB
Current GC threshold: 154.80 MB
CDS: off

CodeHeap 'non-profiled nmethods': size=120000Kb used=7914Kb max_used=7914Kb free=112085Kb
 bounds [0x000001d0440c0000, 0x000001d044880000, 0x000001d04b5f0000]
CodeHeap 'profiled nmethods': size=120000Kb used=24940Kb max_used=24940Kb free=95059Kb
 bounds [0x000001d03cb90000, 0x000001d03e3f0000, 0x000001d0440c0000]
CodeHeap 'non-nmethods': size=5760Kb used=2398Kb max_used=2448Kb free=3361Kb
 bounds [0x000001d03c5f0000, 0x000001d03c860000, 0x000001d03cb90000]
 total_blobs=12739 nmethods=11822 adapters=829
 compilation: enabled
              stopped_count=0, restarted_count=0
 full_count=0

Compilation events (20 events):
Event: 28.636 Thread 0x000001d053d2e800 11913       1       org.gradle.api.internal.tasks.properties.DefaultInputFilePropertySpec::getDirectorySensitivity (5 bytes)
Event: 28.636 Thread 0x000001d053d2e800 nmethod 11913 0x000001d044873c90 code [0x000001d044873e40, 0x000001d044873ef8]
Event: 28.636 Thread 0x000001d053d2e800 11914       1       org.gradle.api.internal.tasks.properties.DefaultInputFilePropertySpec::getLineEndingNormalization (5 bytes)
Event: 28.636 Thread 0x000001d053d2e800 nmethod 11914 0x000001d044873f90 code [0x000001d044874140, 0x000001d0448741f8]
Event: 28.636 Thread 0x000001d053d2e800 11916       1       org.gradle.internal.fingerprint.impl.IgnoredPathFileSystemLocationFingerprint::getNormalizedContentHash (5 bytes)
Event: 28.637 Thread 0x000001d053d2e800 nmethod 11916 0x000001d044874290 code [0x000001d044874440, 0x000001d0448744f8]
Event: 28.637 Thread 0x000001d053d2e800 11915       1       org.gradle.api.internal.tasks.properties.DefaultInputFilePropertySpec::isIncremental (5 bytes)
Event: 28.637 Thread 0x000001d053d2e800 nmethod 11915 0x000001d044874590 code [0x000001d044874740, 0x000001d0448747f8]
Event: 28.647 Thread 0x000001d053d2e800 11918       3       org.gradle.api.tasks.util.PatternSet::<init> (15 bytes)
Event: 28.648 Thread 0x000001d053d2e800 nmethod 11918 0x000001d03e3e0890 code [0x000001d03e3e0a40, 0x000001d03e3e0bf8]
Event: 28.650 Thread 0x000001d05dd5c800 nmethod 11901 0x000001d044874890 code [0x000001d044874a60, 0x000001d0448751b8]
Event: 28.650 Thread 0x000001d05dd5c800 11902       4       org.gradle.internal.hash.Hashing$MessageDigestHasher::putByte (9 bytes)
Event: 28.652 Thread 0x000001d053d2a000 nmethod 11900 0x000001d044875790 code [0x000001d044875980, 0x000001d044876278]
Event: 28.652 Thread 0x000001d053d2a000 11903       4       sun.security.provider.DigestBase::engineUpdate (32 bytes)
Event: 28.653 Thread 0x000001d053d2a000 nmethod 11903 0x000001d044876910 code [0x000001d044876ac0, 0x000001d044876b88]
Event: 28.653 Thread 0x000001d053d2a000 11904       4       org.gradle.api.internal.changedetection.state.LineEndingNormalizingInputStreamHasher::isControlCharacter (20 bytes)
Event: 28.654 Thread 0x000001d053d2a000 nmethod 11904 0x000001d044876c90 code [0x000001d044876e40, 0x000001d044876ec8]
Event: 28.654 Thread 0x000001d053d2a000 11917       4       org.gradle.internal.snapshot.AbstractListChildMap::findChildIndexWithCommonPrefix (15 bytes)
Event: 28.657 Thread 0x000001d053d2a000 nmethod 11917 0x000001d044876f90 code [0x000001d044877140, 0x000001d044877388]
Event: 28.657 Thread 0x000001d053d2a000 11920       4       java.util.HashMap::clear (50 bytes)

GC Heap History (20 events):
Event: 12.713 GC heap before
{Heap before GC invocations=17 (full 0):
 garbage-first heap   total 157696K, used 128408K [0x0000000080000000, 0x0000000100000000)
  region size 1024K, 69 young (70656K), 9 survivors (9216K)
 Metaspace       used 83160K, capacity 85308K, committed 85512K, reserved 1122304K
  class space    used 10921K, capacity 11767K, committed 11856K, reserved 1048576K
}
Event: 12.728 GC heap after
{Heap after GC invocations=18 (full 0):
 garbage-first heap   total 157696K, used 76275K [0x0000000080000000, 0x0000000100000000)
  region size 1024K, 9 young (9216K), 9 survivors (9216K)
 Metaspace       used 83160K, capacity 85308K, committed 85512K, reserved 1122304K
  class space    used 10921K, capacity 11767K, committed 11856K, reserved 1048576K
}
Event: 13.088 GC heap before
{Heap before GC invocations=18 (full 0):
 garbage-first heap   total 157696K, used 118259K [0x0000000080000000, 0x0000000100000000)
  region size 1024K, 49 young (50176K), 9 survivors (9216K)
 Metaspace       used 83791K, capacity 85918K, committed 86024K, reserved 1124352K
  class space    used 10983K, capacity 11800K, committed 11856K, reserved 1048576K
}
Event: 13.142 GC heap after
{Heap after GC invocations=19 (full 0):
 garbage-first heap   total 157696K, used 93785K [0x0000000080000000, 0x0000000100000000)
  region size 1024K, 7 young (7168K), 7 survivors (7168K)
 Metaspace       used 83791K, capacity 85918K, committed 86024K, reserved 1124352K
  class space    used 10983K, capacity 11800K, committed 11856K, reserved 1048576K
}
Event: 13.490 GC heap before
{Heap before GC invocations=20 (full 0):
 garbage-first heap   total 157696K, used 136793K [0x0000000080000000, 0x0000000100000000)
  region size 1024K, 36 young (36864K), 7 survivors (7168K)
 Metaspace       used 86319K, capacity 88455K, committed 88840K, reserved 1126400K
  class space    used 11219K, capacity 12004K, committed 12112K, reserved 1048576K
}
Event: 13.499 GC heap after
{Heap after GC invocations=21 (full 0):
 garbage-first heap   total 157696K, used 95072K [0x0000000080000000, 0x0000000100000000)
  region size 1024K, 2 young (2048K), 2 survivors (2048K)
 Metaspace       used 86319K, capacity 88455K, committed 88840K, reserved 1126400K
  class space    used 11219K, capacity 12004K, committed 12112K, reserved 1048576K
}
Event: 13.724 GC heap before
{Heap before GC invocations=21 (full 0):
 garbage-first heap   total 157696K, used 123744K [0x0000000080000000, 0x0000000100000000)
  region size 1024K, 31 young (31744K), 2 survivors (2048K)
 Metaspace       used 87232K, capacity 89313K, committed 89736K, reserved 1126400K
  class space    used 11300K, capacity 12070K, committed 12240K, reserved 1048576K
}
Event: 13.731 GC heap after
{Heap after GC invocations=22 (full 0):
 garbage-first heap   total 189440K, used 96045K [0x0000000080000000, 0x0000000100000000)
  region size 1024K, 3 young (3072K), 3 survivors (3072K)
 Metaspace       used 87232K, capacity 89313K, committed 89736K, reserved 1126400K
  class space    used 11300K, capacity 12070K, committed 12240K, reserved 1048576K
}
Event: 14.161 GC heap before
{Heap before GC invocations=23 (full 0):
 garbage-first heap   total 189440K, used 135981K [0x0000000080000000, 0x0000000100000000)
  region size 1024K, 44 young (45056K), 3 survivors (3072K)
 Metaspace       used 87938K, capacity 90110K, committed 90248K, reserved 1128448K
  class space    used 11350K, capacity 12160K, committed 12240K, reserved 1048576K
}
Event: 14.170 GC heap after
{Heap after GC invocations=24 (full 0):
 garbage-first heap   total 189440K, used 98144K [0x0000000080000000, 0x0000000100000000)
  region size 1024K, 6 young (6144K), 6 survivors (6144K)
 Metaspace       used 87938K, capacity 90110K, committed 90248K, reserved 1128448K
  class space    used 11350K, capacity 12160K, committed 12240K, reserved 1048576K
}
Event: 14.193 GC heap before
{Heap before GC invocations=24 (full 0):
 garbage-first heap   total 189440K, used 101216K [0x0000000080000000, 0x0000000100000000)
  region size 1024K, 9 young (9216K), 6 survivors (6144K)
 Metaspace       used 87994K, capacity 90179K, committed 90504K, reserved 1128448K
  class space    used 11357K, capacity 12160K, committed 12240K, reserved 1048576K
}
Event: 14.201 GC heap after
{Heap after GC invocations=25 (full 0):
 garbage-first heap   total 189440K, used 91556K [0x0000000080000000, 0x0000000100000000)
  region size 1024K, 1 young (1024K), 1 survivors (1024K)
 Metaspace       used 87994K, capacity 90179K, committed 90504K, reserved 1128448K
  class space    used 11357K, capacity 12160K, committed 12240K, reserved 1048576K
}
Event: 19.998 GC heap before
{Heap before GC invocations=25 (full 0):
 garbage-first heap   total 189440K, used 135588K [0x0000000080000000, 0x0000000100000000)
  region size 1024K, 45 young (46080K), 1 survivors (1024K)
 Metaspace       used 89096K, capacity 91307K, committed 91400K, reserved 1128448K
  class space    used 11497K, capacity 12291K, committed 12368K, reserved 1048576K
}
Event: 20.006 GC heap after
{Heap after GC invocations=26 (full 0):
 garbage-first heap   total 189440K, used 93148K [0x0000000080000000, 0x0000000100000000)
  region size 1024K, 3 young (3072K), 3 survivors (3072K)
 Metaspace       used 89096K, capacity 91307K, committed 91400K, reserved 1128448K
  class space    used 11497K, capacity 12291K, committed 12368K, reserved 1048576K
}
Event: 25.869 GC heap before
{Heap before GC invocations=27 (full 0):
 garbage-first heap   total 189440K, used 133084K [0x0000000080000000, 0x0000000100000000)
  region size 1024K, 49 young (50176K), 3 survivors (3072K)
 Metaspace       used 92086K, capacity 94346K, committed 94600K, reserved 1130496K
  class space    used 11862K, capacity 12688K, committed 12752K, reserved 1048576K
}
Event: 25.874 GC heap after
{Heap after GC invocations=28 (full 0):
 garbage-first heap   total 189440K, used 89945K [0x0000000080000000, 0x0000000100000000)
  region size 1024K, 6 young (6144K), 6 survivors (6144K)
 Metaspace       used 92086K, capacity 94346K, committed 94600K, reserved 1130496K
  class space    used 11862K, capacity 12688K, committed 12752K, reserved 1048576K
}
Event: 27.962 GC heap before
{Heap before GC invocations=28 (full 0):
 garbage-first heap   total 189440K, used 93017K [0x0000000080000000, 0x0000000100000000)
  region size 1024K, 9 young (9216K), 6 survivors (6144K)
 Metaspace       used 92161K, capacity 94424K, committed 94600K, reserved 1130496K
  class space    used 11872K, capacity 12693K, committed 12752K, reserved 1048576K
}
Event: 27.968 GC heap after
{Heap after GC invocations=29 (full 0):
 garbage-first heap   total 189440K, used 86728K [0x0000000080000000, 0x0000000100000000)
  region size 1024K, 2 young (2048K), 2 survivors (2048K)
 Metaspace       used 92161K, capacity 94424K, committed 94600K, reserved 1130496K
  class space    used 11872K, capacity 12693K, committed 12752K, reserved 1048576K
}
Event: 28.434 GC heap before
{Heap before GC invocations=29 (full 0):
 garbage-first heap   total 189440K, used 137928K [0x0000000080000000, 0x0000000100000000)
  region size 1024K, 53 young (54272K), 2 survivors (2048K)
 Metaspace       used 92753K, capacity 94931K, committed 95112K, reserved 1132544K
  class space    used 11927K, capacity 12732K, committed 12752K, reserved 1048576K
}
Event: 28.443 GC heap after
{Heap after GC invocations=30 (full 0):
 garbage-first heap   total 189440K, used 89233K [0x0000000080000000, 0x0000000100000000)
  region size 1024K, 4 young (4096K), 4 survivors (4096K)
 Metaspace       used 92753K, capacity 94931K, committed 95112K, reserved 1132544K
  class space    used 11927K, capacity 12732K, committed 12752K, reserved 1048576K
}

Deoptimization events (20 events):
Event: 28.391 Thread 0x000001d05b2b2000 Uncommon trap: trap_request=0xffffff4d fr.pc=0x000001d0445ba3dc relative=0x000000000000009c
Event: 28.391 Thread 0x000001d05b2b2000 Uncommon trap: reason=unstable_if action=reinterpret pc=0x000001d0445ba3dc method=org.objectweb.asm.MethodWriter.visitMaxs(II)V @ 35 c2
Event: 28.391 Thread 0x000001d05b2b2000 DEOPT PACKING pc=0x000001d0445ba3dc sp=0x0000007c619fb9e0
Event: 28.391 Thread 0x000001d05b2b2000 DEOPT UNPACKING pc=0x000001d03c63a1af sp=0x0000007c619fb978 mode 2
Event: 28.498 Thread 0x000001d05b2b2000 Uncommon trap: trap_request=0xffffff4d fr.pc=0x000001d0448634b0 relative=0x0000000000000bb0
Event: 28.498 Thread 0x000001d05b2b2000 Uncommon trap: reason=unstable_if action=reinterpret pc=0x000001d0448634b0 method=org.objectweb.asm.SymbolTable.addConstantIntegerOrFloat(II)Lorg/objectweb/asm/Symbol; @ 33 c2
Event: 28.498 Thread 0x000001d05b2b2000 DEOPT PACKING pc=0x000001d0448634b0 sp=0x0000007c619fb880
Event: 28.498 Thread 0x000001d05b2b2000 DEOPT UNPACKING pc=0x000001d03c63a1af sp=0x0000007c619fb840 mode 2
Event: 28.562 Thread 0x000001d05b2b2000 Uncommon trap: trap_request=0xffffff6e fr.pc=0x000001d04478e084 relative=0x0000000000002284
Event: 28.562 Thread 0x000001d05b2b2000 Uncommon trap: reason=speculate_class_check action=maybe_recompile pc=0x000001d04478e084 method=com.google.common.base.Equivalence$Equals.doHash(Ljava/lang/Object;)I @ 1 c2
Event: 28.562 Thread 0x000001d05b2b2000 DEOPT PACKING pc=0x000001d04478e084 sp=0x0000007c619fc160
Event: 28.562 Thread 0x000001d05b2b2000 DEOPT UNPACKING pc=0x000001d03c63a1af sp=0x0000007c619fbe08 mode 2
Event: 28.564 Thread 0x000001d05b2b2000 Uncommon trap: trap_request=0xffffff6e fr.pc=0x000001d04478e084 relative=0x0000000000002284
Event: 28.564 Thread 0x000001d05b2b2000 Uncommon trap: reason=speculate_class_check action=maybe_recompile pc=0x000001d04478e084 method=com.google.common.base.Equivalence$Equals.doHash(Ljava/lang/Object;)I @ 1 c2
Event: 28.564 Thread 0x000001d05b2b2000 DEOPT PACKING pc=0x000001d04478e084 sp=0x0000007c619fc160
Event: 28.564 Thread 0x000001d05b2b2000 DEOPT UNPACKING pc=0x000001d03c63a1af sp=0x0000007c619fbe08 mode 2
Event: 28.564 Thread 0x000001d05b2b2000 Uncommon trap: trap_request=0xffffff6e fr.pc=0x000001d04478e084 relative=0x0000000000002284
Event: 28.564 Thread 0x000001d05b2b2000 Uncommon trap: reason=speculate_class_check action=maybe_recompile pc=0x000001d04478e084 method=com.google.common.base.Equivalence$Equals.doHash(Ljava/lang/Object;)I @ 1 c2
Event: 28.564 Thread 0x000001d05b2b2000 DEOPT PACKING pc=0x000001d04478e084 sp=0x0000007c619fc160
Event: 28.564 Thread 0x000001d05b2b2000 DEOPT UNPACKING pc=0x000001d03c63a1af sp=0x0000007c619fbe08 mode 2

Classes redefined (0 events):
No events

Internal exceptions (20 events):
Event: 13.792 Thread 0x000001d05b2b2000 Exception <a 'java/lang/NoSuchMethodError'{0x000000008b4456f0}: <clinit>> (0x000000008b4456f0) thrown at [./src/hotspot/share/prims/jni.cpp, line 1365]
Event: 13.792 Thread 0x000001d05b2b2000 Exception <a 'java/lang/NoSuchMethodError'{0x000000008b448658}: <clinit>> (0x000000008b448658) thrown at [./src/hotspot/share/prims/jni.cpp, line 1365]
Event: 13.793 Thread 0x000001d05b2b2000 Exception <a 'java/lang/NoSuchMethodError'{0x000000008b460358}: <clinit>> (0x000000008b460358) thrown at [./src/hotspot/share/prims/jni.cpp, line 1365]
Event: 13.793 Thread 0x000001d05b2b2000 Exception <a 'java/lang/NoSuchMethodError'{0x000000008b461590}: <clinit>> (0x000000008b461590) thrown at [./src/hotspot/share/prims/jni.cpp, line 1365]
Event: 13.907 Thread 0x000001d054fb3000 Implicit null exception at 0x000001d04471e2db to 0x000001d04471e370
Event: 13.907 Thread 0x000001d0569d2000 Implicit null exception at 0x000001d04471e2db to 0x000001d04471e370
Event: 14.104 Thread 0x000001d05b2b2000 Exception <a 'java/lang/NoSuchMethodError'{0x00000000895183b0}: <clinit>> (0x00000000895183b0) thrown at [./src/hotspot/share/prims/jni.cpp, line 1365]
Event: 14.110 Thread 0x000001d05b2b2000 Exception <a 'java/lang/NoSuchMethodError'{0x0000000089559700}: <clinit>> (0x0000000089559700) thrown at [./src/hotspot/share/prims/jni.cpp, line 1365]
Event: 14.111 Thread 0x000001d05b2b2000 Exception <a 'java/lang/NoSuchMethodError'{0x000000008956c168}: <clinit>> (0x000000008956c168) thrown at [./src/hotspot/share/prims/jni.cpp, line 1365]
Event: 16.602 Thread 0x000001d0569d7000 Implicit null exception at 0x000001d044793a24 to 0x000001d044793bc4
Event: 25.639 Thread 0x000001d060422800 Exception <a 'java/lang/NoSuchMethodError'{0x0000000088cdd9b8}: 'void java.lang.invoke.DirectMethodHandle$Holder.invokeStatic(java.lang.Object, long)'> (0x0000000088cdd9b8) thrown at [./src/hotspot/share/interpreter/linkResolver.cpp, line 773]
Event: 25.640 Thread 0x000001d060422800 Exception <a 'java/lang/NoSuchMethodError'{0x0000000088ce2bd0}: 'java.lang.Object java.lang.invoke.DirectMethodHandle$Holder.invokeStatic(java.lang.Object, long)'> (0x0000000088ce2bd0) thrown at [./src/hotspot/share/interpreter/linkResolver.cpp, line 773]
Event: 25.641 Thread 0x000001d060422800 Exception <a 'java/lang/NoSuchMethodError'{0x0000000088cfb1c0}: 'java.lang.Object java.lang.invoke.DirectMethodHandle$Holder.invokeStaticInit(java.lang.Object, java.lang.Object, long, java.lang.Object)'> (0x0000000088cfb1c0) thrown at [./src/hotspot/share/interpreter/linkResolver.cpp, line 773]
Event: 25.642 Thread 0x000001d060422800 Exception <a 'java/lang/NoSuchMethodError'{0x0000000088801898}: 'java.lang.Object java.lang.invoke.DirectMethodHandle$Holder.invokeStatic(java.lang.Object, java.lang.Object, long)'> (0x0000000088801898) thrown at [./src/hotspot/share/interpreter/linkResolver.cpp, line 773]
Event: 25.642 Thread 0x000001d060422800 Exception <a 'java/lang/NoSuchMethodError'{0x0000000088807e10}: 'java.lang.Object java.lang.invoke.Invokers$Holder.linkToTargetMethod(java.lang.Object, long, java.lang.Object)'> (0x0000000088807e10) thrown at [./src/hotspot/share/interpreter/linkResolver.cpp, line 773]
Event: 25.896 Thread 0x000001d060422800 Exception <a 'java/lang/NoSuchMethodError'{0x000000008b862f90}: 'int java.lang.invoke.DirectMethodHandle$Holder.invokeSpecialIFC(java.lang.Object, java.lang.Object, java.lang.Object)'> (0x000000008b862f90) thrown at [./src/hotspot/share/interpreter/linkResolver.cpp, line 773]
Event: 28.168 Thread 0x000001d060422800 Exception <a 'sun/nio/fs/WindowsException'{0x000000008a0aa250}> (0x000000008a0aa250) thrown at [./src/hotspot/share/prims/jni.cpp, line 615]
Event: 28.168 Thread 0x000001d060422800 Exception <a 'sun/nio/fs/WindowsException'{0x000000008a0aa338}> (0x000000008a0aa338) thrown at [./src/hotspot/share/prims/jni.cpp, line 615]
Event: 28.232 Thread 0x000001d060422800 Implicit null exception at 0x000001d04481fe78 to 0x000001d04481fff0
Event: 28.232 Thread 0x000001d060422800 Implicit null exception at 0x000001d044818ddf to 0x000001d044818f34

Events (20 events):
Event: 28.649 loading class org/gradle/api/internal/tasks/compile/AbstractJavaCompileSpecFactory
Event: 28.649 loading class org/gradle/api/internal/tasks/compile/AbstractJavaCompileSpecFactory done
Event: 28.650 loading class org/gradle/api/internal/tasks/compile/DefaultJavaCompileSpecFactory$DefaultCommandLineJavaSpec
Event: 28.650 loading class org/gradle/api/internal/tasks/compile/DefaultJavaCompileSpecFactory$DefaultCommandLineJavaSpec done
Event: 28.651 loading class org/gradle/api/internal/tasks/compile/CommandLineJavaCompileSpec
Event: 28.651 loading class org/gradle/api/internal/tasks/compile/CommandLineJavaCompileSpec done
Event: 28.651 loading class org/gradle/api/internal/tasks/compile/DefaultJavaCompileSpecFactory$DefaultForkingJavaCompileSpec
Event: 28.651 loading class org/gradle/api/internal/tasks/compile/DefaultJavaCompileSpecFactory$DefaultForkingJavaCompileSpec done
Event: 28.652 loading class org/gradle/api/internal/tasks/compile/ForkingJavaCompileSpec
Event: 28.652 loading class org/gradle/api/internal/tasks/compile/ForkingJavaCompileSpec done
Event: 28.652 loading class org/gradle/jvm/toolchain/JavaInstallationMetadata
Event: 28.652 loading class org/gradle/jvm/toolchain/JavaInstallationMetadata done
Event: 28.653 loading class org/gradle/jvm/toolchain/JavaCompiler
Event: 28.653 loading class org/gradle/jvm/toolchain/JavaCompiler done
Event: 28.653 loading class org/gradle/api/Transformer
Event: 28.653 loading class org/gradle/api/Transformer done
Event: 28.655 loading class org/gradle/api/internal/tasks/compile/MinimalJavaCompileOptions
Event: 28.655 loading class org/gradle/api/internal/tasks/compile/MinimalJavaCompileOptions done
Event: 28.658 loading class org/gradle/internal/Transformers
Event: 28.658 loading class org/gradle/internal/Transformers done


Dynamic libraries:
0x00007ff7a60b0000 - 0x00007ff7a60ba000 	C:\Program Files\Android\Android Studio\jre\bin\java.exe
0x00007ffa98df0000 - 0x00007ffa98fe8000 	C:\Windows\SYSTEM32\ntdll.dll
0x00007ffa98460000 - 0x00007ffa9851d000 	C:\Windows\System32\KERNEL32.DLL
0x00007ffa96a10000 - 0x00007ffa96d06000 	C:\Windows\System32\KERNELBASE.dll
0x00007ffa964e0000 - 0x00007ffa965e0000 	C:\Windows\System32\ucrtbase.dll
0x00007ffa75880000 - 0x00007ffa75897000 	C:\Program Files\Android\Android Studio\jre\bin\VCRUNTIME140.dll
0x00007ffa755e0000 - 0x00007ffa755f9000 	C:\Program Files\Android\Android Studio\jre\bin\jli.dll
0x00007ffa97d90000 - 0x00007ffa97f2f000 	C:\Windows\System32\USER32.dll
0x00007ffa966c0000 - 0x00007ffa966e2000 	C:\Windows\System32\win32u.dll
0x00007ffa8c260000 - 0x00007ffa8c4fa000 	C:\Windows\WinSxS\amd64_microsoft.windows.common-controls_6595b64144ccf1df_6.0.19041.4355_none_60b8b9eb71f62e16\COMCTL32.dll
0x00007ffa988b0000 - 0x00007ffa988db000 	C:\Windows\System32\GDI32.dll
0x00007ffa98c40000 - 0x00007ffa98cde000 	C:\Windows\System32\msvcrt.dll
0x00007ffa96d10000 - 0x00007ffa96e27000 	C:\Windows\System32\gdi32full.dll
0x00007ffa96760000 - 0x00007ffa967fd000 	C:\Windows\System32\msvcp_win.dll
0x00007ffa977a0000 - 0x00007ffa977cf000 	C:\Windows\System32\IMM32.DLL
0x00007ffa75540000 - 0x00007ffa755dd000 	C:\Program Files\Android\Android Studio\jre\bin\msvcp140.dll
0x00007ffa52810000 - 0x00007ffa532f5000 	C:\Program Files\Android\Android Studio\jre\bin\server\jvm.dll
0x00007ffa96e30000 - 0x00007ffa96ee0000 	C:\Windows\System32\ADVAPI32.dll
0x00007ffa977d0000 - 0x00007ffa97870000 	C:\Windows\System32\sechost.dll
0x00007ffa97920000 - 0x00007ffa97a43000 	C:\Windows\System32\RPCRT4.dll
0x00007ffa964b0000 - 0x00007ffa964d7000 	C:\Windows\System32\bcrypt.dll
0x00007ffa8f6b0000 - 0x00007ffa8f6d7000 	C:\Windows\SYSTEM32\WINMM.dll
0x00007ffa90cb0000 - 0x00007ffa90cba000 	C:\Windows\SYSTEM32\VERSION.dll
0x00007ffa92c20000 - 0x00007ffa92c29000 	C:\Windows\SYSTEM32\WSOCK32.dll
0x00007ffa97b60000 - 0x00007ffa97b68000 	C:\Windows\System32\PSAPI.DLL
0x00007ffa97d20000 - 0x00007ffa97d8b000 	C:\Windows\System32\WS2_32.dll
0x00007ffa94350000 - 0x00007ffa94362000 	C:\Windows\SYSTEM32\kernel.appcore.dll
0x00007ffa78460000 - 0x00007ffa78471000 	C:\Program Files\Android\Android Studio\jre\bin\verify.dll
0x00007ffa8d0d0000 - 0x00007ffa8d2b4000 	C:\Windows\SYSTEM32\DBGHELP.DLL
0x00007ffa73810000 - 0x00007ffa73844000 	C:\Windows\SYSTEM32\dbgcore.DLL
0x00007ffa965e0000 - 0x00007ffa96662000 	C:\Windows\System32\bcryptPrimitives.dll
0x00007ffa75840000 - 0x00007ffa75869000 	C:\Program Files\Android\Android Studio\jre\bin\java.dll
0x00007ffa78420000 - 0x00007ffa7842b000 	C:\Program Files\Android\Android Studio\jre\bin\jimage.dll
0x00007ffa78300000 - 0x00007ffa78318000 	C:\Program Files\Android\Android Studio\jre\bin\zip.dll
0x00007ffa97030000 - 0x00007ffa9779c000 	C:\Windows\System32\SHELL32.dll
0x00007ffa94550000 - 0x00007ffa94ced000 	C:\Windows\SYSTEM32\windows.storage.dll
0x00007ffa988e0000 - 0x00007ffa98c33000 	C:\Windows\System32\combase.dll
0x00007ffa95ed0000 - 0x00007ffa95efe000 	C:\Windows\SYSTEM32\Wldp.dll
0x00007ffa98ce0000 - 0x00007ffa98dad000 	C:\Windows\System32\OLEAUT32.dll
0x00007ffa97870000 - 0x00007ffa9791d000 	C:\Windows\System32\SHCORE.dll
0x00007ffa97b00000 - 0x00007ffa97b55000 	C:\Windows\System32\shlwapi.dll
0x00007ffa963e0000 - 0x00007ffa96404000 	C:\Windows\SYSTEM32\profapi.dll
0x00007ffa757d0000 - 0x00007ffa757ea000 	C:\Program Files\Android\Android Studio\jre\bin\net.dll
0x00007ffa90770000 - 0x00007ffa9087a000 	C:\Windows\SYSTEM32\WINHTTP.dll
0x00007ffa95c30000 - 0x00007ffa95c9a000 	C:\Windows\system32\mswsock.dll
0x00007ffa75660000 - 0x00007ffa75674000 	C:\Program Files\Android\Android Studio\jre\bin\nio.dll
0x00007ffa758a0000 - 0x00007ffa758c7000 	C:\Users\NanoNoa\.gradle\native\e1d6ef7f7dcc3fd88c89a11ec53ec762bb8ba0a96d01ffa2cd45eb1d1d8dd5c5\windows-amd64\native-platform.dll
0x00007ffa5fa90000 - 0x00007ffa5fbd4000 	C:\Users\NanoNoa\.gradle\native\5664cfc778a61ccfe75a443a1ab52a65af34e5dc3c78e0209fed803814484fcb\windows-amd64\native-platform-file-events.dll
0x00007ffa77970000 - 0x00007ffa7797a000 	C:\Program Files\Android\Android Studio\jre\bin\management.dll
0x00007ffa75f70000 - 0x00007ffa75f7d000 	C:\Program Files\Android\Android Studio\jre\bin\management_ext.dll
0x00007ffa95e30000 - 0x00007ffa95e48000 	C:\Windows\SYSTEM32\CRYPTSP.dll
0x00007ffa954e0000 - 0x00007ffa95514000 	C:\Windows\system32\rsaenh.dll
0x00007ffa96350000 - 0x00007ffa9637e000 	C:\Windows\SYSTEM32\USERENV.dll
0x00007ffa95e20000 - 0x00007ffa95e2c000 	C:\Windows\SYSTEM32\CRYPTBASE.dll
0x00007ffa958c0000 - 0x00007ffa958fb000 	C:\Windows\SYSTEM32\IPHLPAPI.DLL
0x00007ffa96ee0000 - 0x00007ffa96ee8000 	C:\Windows\System32\NSI.dll
0x00007ffa90e40000 - 0x00007ffa90e57000 	C:\Windows\SYSTEM32\dhcpcsvc6.DLL
0x00007ffa91260000 - 0x00007ffa9127d000 	C:\Windows\SYSTEM32\dhcpcsvc.DLL
0x00007ffa95910000 - 0x00007ffa959da000 	C:\Windows\SYSTEM32\DNSAPI.dll
0x00007ffa95600000 - 0x00007ffa95633000 	C:\Windows\SYSTEM32\ntmarta.dll

dbghelp: loaded successfully - version: 4.0.5 - missing functions: none
symbol engine: initialized successfully - sym options: 0x614 - pdb path: .;C:\Program Files\Android\Android Studio\jre\bin;C:\Windows\SYSTEM32;C:\Windows\WinSxS\amd64_microsoft.windows.common-controls_6595b64144ccf1df_6.0.19041.4355_none_60b8b9eb71f62e16;C:\Program Files\Android\Android Studio\jre\bin\server;C:\Users\NanoNoa\.gradle\native\e1d6ef7f7dcc3fd88c89a11ec53ec762bb8ba0a96d01ffa2cd45eb1d1d8dd5c5\windows-amd64;C:\Users\NanoNoa\.gradle\native\5664cfc778a61ccfe75a443a1ab52a65af34e5dc3c78e0209fed803814484fcb\windows-amd64

VM Arguments:
jvm_args: --add-opens=java.base/java.util=ALL-UNNAMED --add-opens=java.base/java.lang=ALL-UNNAMED --add-opens=java.base/java.lang.invoke=ALL-UNNAMED --add-opens=java.base/java.util=ALL-UNNAMED --add-opens=java.prefs/java.util.prefs=ALL-UNNAMED --add-opens=java.prefs/java.util.prefs=ALL-UNNAMED --add-opens=java.base/java.nio.charset=ALL-UNNAMED --add-opens=java.base/java.net=ALL-UNNAMED --add-opens=java.base/java.util.concurrent.atomic=ALL-UNNAMED -Xmx2048m -Dfile.encoding=UTF-8 -Duser.country=US -Duser.language=en -Duser.variant 
java_command: org.gradle.launcher.daemon.bootstrap.GradleDaemon 7.3.3
java_class_path (initial): C:\Users\NanoNoa\.gradle\wrapper\dists\gradle-7.3.3-bin\6a41zxkdtcxs8rphpq6y0069z\gradle-7.3.3\lib\gradle-launcher-7.3.3.jar
Launcher Type: SUN_STANDARD

[Global flags]
     intx CICompilerCount                          = 4                                         {product} {ergonomic}
     uint ConcGCThreads                            = 3                                         {product} {ergonomic}
     uint G1ConcRefinementThreads                  = 10                                        {product} {ergonomic}
   size_t G1HeapRegionSize                         = 1048576                                   {product} {ergonomic}
    uintx GCDrainStackTargetSize                   = 64                                        {product} {ergonomic}
   size_t InitialHeapSize                          = 134217728                                 {product} {ergonomic}
   size_t MarkStackSize                            = 4194304                                   {product} {ergonomic}
   size_t MaxHeapSize                              = 2147483648                                {product} {command line}
   size_t MaxNewSize                               = 1287651328                                {product} {ergonomic}
   size_t MinHeapDeltaBytes                        = 1048576                                   {product} {ergonomic}
    uintx NonNMethodCodeHeapSize                   = 5836300                                {pd product} {ergonomic}
    uintx NonProfiledCodeHeapSize                  = 122910970                              {pd product} {ergonomic}
    uintx ProfiledCodeHeapSize                     = 122910970                              {pd product} {ergonomic}
    uintx ReservedCodeCacheSize                    = 251658240                              {pd product} {ergonomic}
     bool SegmentedCodeCache                       = true                                      {product} {ergonomic}
     bool UseCompressedClassPointers               = true                                 {lp64_product} {ergonomic}
     bool UseCompressedOops                        = true                                 {lp64_product} {ergonomic}
     bool UseG1GC                                  = true                                      {product} {ergonomic}
     bool UseLargePagesIndividualAllocation        = false                                  {pd product} {ergonomic}

Logging:
Log output configuration:
 #0: stdout all=warning uptime,level,tags
 #1: stderr all=off uptime,level,tags

Environment Variables:
PATH=C:\Program Files (x86)\Common Files\Intel\Shared Files\cpp\bin\Intel64;C:\Program Files (x86)\Common Files\Intel\Shared Files\cpp\bin\Intel64;%C_EM64T_REDIST11%bin\Intel64;C:\Windows\System32;C:\Users\NanoNoa\flutter\bin;C:\Windows\System32;C:\Windows\System32\WindowsPowerShell\v1.0;C:\Windows\System32\wbem;C:\Windows;C:\Program Files (x86)\Microsoft Visual Studio\2022\BuildTools\VC\Tools\MSVC\14.37.32822\bin\Hostx86\x86;C:\xampp\php;C:\ProgramData\ComposerSetup\bin;C:\Program Files\Git\cmd;C:\Users\NanoNoa\flutter\bin;C:\Windows\System32;C:\Windows\System32\WindowsPowerShell\v1.0;C:\Windows\System32\wbem;C:\Windows;C:\Program Files (x86)\Microsoft Visual Studio\2022\BuildTools\VC\Tools\MSVC\14.37.32822\bin\Hostx86\x86;C:\xampp\php;C:\ProgramData\ComposerSetup\bin;C:\Program Files\Git\cmd;C:\Users\NanoNoa\flutter\bin;C:\Windows\System32;C:\Windows\System32\WindowsPowerShell\v1.0;C:\Windows\System32\wbem;C:\Windows;C:\Program Files (x86)\Microsoft Visual Studio\2022\BuildTools\VC\Tools\MSVC\14.37.32822\bin\Hostx86\x86;C:\xampp\php;C:\ProgramData\ComposerSetup\bin;C:\Program Files\Git\cmd;C:\Users\NanoNoa\AppData\Local\Programs\Python\Python311\Scripts\;C:\Users\NanoNoa\AppData\Local\Programs\Python\Python311\;C:\Users\NanoNoa\AppData\Local\Microsoft\WindowsApps;C:\Users\NanoNoa\flutter\bin;C:\ProgramData\Anaconda3\Library\bin\conda.bat;C:\ProgramData\Anaconda3\Scripts\conda.exe;C:\ProgramData\Anaconda3\condabin\conda.bat;C:\Program Files\JetBrains\PyCharm Community Edition 2023.2.1\bin;;C:\Users\NanoNoa\AppData\Local\Programs\Microsoft VS Code\bin;C:\Users\NanoNoa\AppData\Roaming\Composer\vendor\bin
USERNAME=NanoNoa
OS=Windows_NT
PROCESSOR_IDENTIFIER=AMD64 Family 23 Model 1 Stepping 1, AuthenticAMD



---------------  S Y S T E M  ---------------

OS: Windows 10 , 64 bit Build 19041 (10.0.19041.3636)
OS uptime: 1 days 1:33 hours

CPU:total 12 (initial active 12) (12 cores per cpu, 2 threads per core) family 23 model 1 stepping 1 microcode 0x0, cmov, cx8, fxsr, mmx, sse, sse2, sse3, ssse3, sse4.1, sse4.2, popcnt, avx, avx2, aes, clmul, mmxext, 3dnowpref, lzcnt, sse4a, ht, tsc, tscinvbit, tscinv, bmi1, bmi2, adx, sha, fma

Memory: 4k page, system-wide physical 8144M (1203M free)
TotalPageFile size 10628M (AvailPageFile size 5M)
current process WorkingSet (physical memory assigned to process): 465M, peak: 482M
current process commit charge ("private bytes"): 508M, peak: 525M

vm_info: OpenJDK 64-Bit Server VM (11.0.12+7-b1504.28-7817840) for windows-amd64 JRE (11.0.12+7-b1504.28-7817840), built on Oct 13 2021 22:12:33 by "builder" with MS VC++ 14.0 (VS2015)

END.
